#
# An unexpected error has occurred (11)
#
Stack:
/lib/x86_64-linux-gnu/libc.so.6(+0x42520) [0x7fb0a6a42520]
/home/user/software/vivado2023/Vivado/2023.2/lib/lnx64.o/librdi_synth.so(NNetC::singleDriver(bool, bool, bool, bool) const+0x48) [0x7fb0725da478]
/home/user/software/vivado2023/Vivado/2023.2/lib/lnx64.o/librdi_synth.so(ConstProp::declone(NNet)+0x1ab) [0x7fb072274deb]
/home/user/software/vivado2023/Vivado/2023.2/lib/lnx64.o/librdi_synth.so(ConstProp::propagate(bool, bool, bool, bool, bool, bool, bool, bool, bool, int)+0x1467) [0x7fb071cc8ea7]
/home/user/software/vivado2023/Vivado/2023.2/lib/lnx64.o/librdi_synth.so(HARTNDb::constPropBottomUpNew(NRealMod, UHashSet<UString, UString, UEKey<UString>, UHashSetNode<UString>, UString, UEValue<UString, UHashSetNode<UString> > >&, UHashSet<UString, UString, UEKey<UString>, UHashSetNode<UString>, UString, UEValue<UString, UHashSetNode<UString> > >&)+0x581) [0x7fb07103c961]
/home/user/software/vivado2023/Vivado/2023.2/lib/lnx64.o/librdi_synth.so(HARTNDb::constProp()+0x33d) [0x7fb07103d66d]
/home/user/software/vivado2023/Vivado/2023.2/lib/lnx64.o/librdi_synth.so(+0x1449083) [0x7fb071249083]
/home/user/software/vivado2023/Vivado/2023.2/lib/lnx64.o/librdi_synth.so(+0x1321b35) [0x7fb071121b35]
/home/user/software/vivado2023/Vivado/2023.2/lib/lnx64.o/libtcl8.5.so(+0x3356f) [0x7fb0a263356f]
/home/user/software/vivado2023/Vivado/2023.2/lib/lnx64.o/libtcl8.5.so(+0x34bf8) [0x7fb0a2634bf8]
/home/user/software/vivado2023/Vivado/2023.2/lib/lnx64.o/libtcl8.5.so(Tcl_EvalEx+0x13) [0x7fb0a2635163]
/home/user/software/vivado2023/Vivado/2023.2/lib/lnx64.o/libtcl8.5.so(TclEvalObjEx+0x1e0) [0x7fb0a2635380]
/home/user/software/vivado2023/Vivado/2023.2/lib/lnx64.o/libtcl8.5.so(+0x3b445) [0x7fb0a263b445]
/home/user/software/vivado2023/Vivado/2023.2/lib/lnx64.o/libtcl8.5.so(+0x3356f) [0x7fb0a263356f]
/home/user/software/vivado2023/Vivado/2023.2/lib/lnx64.o/libtcl8.5.so(+0x76945) [0x7fb0a2676945]
/home/user/software/vivado2023/Vivado/2023.2/lib/lnx64.o/libtcl8.5.so(+0x7e0f9) [0x7fb0a267e0f9]
/home/user/software/vivado2023/Vivado/2023.2/lib/lnx64.o/libtcl8.5.so(TclEvalObjEx+0x76) [0x7fb0a2635216]
/home/user/software/vivado2023/Vivado/2023.2/lib/lnx64.o/librdi_commontasks.so(+0x261fb1) [0x7fb09ae61fb1]
/home/user/software/vivado2023/Vivado/2023.2/lib/lnx64.o/libtcl8.5.so(+0x3356f) [0x7fb0a263356f]
/home/user/software/vivado2023/Vivado/2023.2/lib/lnx64.o/libtcl8.5.so(+0x76945) [0x7fb0a2676945]
/home/user/software/vivado2023/Vivado/2023.2/lib/lnx64.o/libtcl8.5.so(TclObjInterpProcCore+0x420) [0x7fb0a26b7ed0]
/home/user/software/vivado2023/Vivado/2023.2/lib/lnx64.o/libtcl8.5.so(+0x3356f) [0x7fb0a263356f]
/home/user/software/vivado2023/Vivado/2023.2/lib/lnx64.o/libtcl8.5.so(+0x76945) [0x7fb0a2676945]
/home/user/software/vivado2023/Vivado/2023.2/lib/lnx64.o/libtcl8.5.so(TclObjInterpProcCore+0x420) [0x7fb0a26b7ed0]
/home/user/software/vivado2023/Vivado/2023.2/lib/lnx64.o/libtcl8.5.so(+0x3356f) [0x7fb0a263356f]
/home/user/software/vivado2023/Vivado/2023.2/lib/lnx64.o/libtcl8.5.so(+0x76945) [0x7fb0a2676945]
/home/user/software/vivado2023/Vivado/2023.2/lib/lnx64.o/libtcl8.5.so(TclObjInterpProcCore+0x420) [0x7fb0a26b7ed0]
/home/user/software/vivado2023/Vivado/2023.2/lib/lnx64.o/libtcl8.5.so(+0x3356f) [0x7fb0a263356f]
/home/user/software/vivado2023/Vivado/2023.2/lib/lnx64.o/libtcl8.5.so(+0x76945) [0x7fb0a2676945]
/home/user/software/vivado2023/Vivado/2023.2/lib/lnx64.o/libtcl8.5.so(+0x7e0f9) [0x7fb0a267e0f9]
/home/user/software/vivado2023/Vivado/2023.2/lib/lnx64.o/libtcl8.5.so(TclEvalObjEx+0x76) [0x7fb0a2635216]
/home/user/software/vivado2023/Vivado/2023.2/lib/lnx64.o/librdi_common.so(hdi::tcltasks::task_manager::eval_in_tcl(Tcl_Interp*, Tcl_Obj*, char const*, bool)+0x74d) [0x7fb0a837be1d]
/home/user/software/vivado2023/Vivado/2023.2/lib/lnx64.o/librdi_common.so(hdi::tcltasks::task_manager::eval_in_tcl(Tcl_Interp*, char const*, char const*, bool)+0xda) [0x7fb0a837c3ca]
/home/user/software/vivado2023/Vivado/2023.2/lib/lnx64.o/librdi_synth.so(HARTNDb::processGenomesSequentially(bool, char const*, char const*)+0xbce) [0x7fb0710a8e8e]
/home/user/software/vivado2023/Vivado/2023.2/lib/lnx64.o/librdi_synth.so(+0x13c1aa8) [0x7fb0711c1aa8]
/home/user/software/vivado2023/Vivado/2023.2/lib/lnx64.o/librdi_synth.so(+0x1321b35) [0x7fb071121b35]
/home/user/software/vivado2023/Vivado/2023.2/lib/lnx64.o/libtcl8.5.so(+0x3356f) [0x7fb0a263356f]
/home/user/software/vivado2023/Vivado/2023.2/lib/lnx64.o/libtcl8.5.so(+0x34bf8) [0x7fb0a2634bf8]
/home/user/software/vivado2023/Vivado/2023.2/lib/lnx64.o/libtcl8.5.so(Tcl_EvalEx+0x13) [0x7fb0a2635163]
/home/user/software/vivado2023/Vivado/2023.2/lib/lnx64.o/libtcl8.5.so(TclEvalObjEx+0x1e0) [0x7fb0a2635380]
/home/user/software/vivado2023/Vivado/2023.2/lib/lnx64.o/libtcl8.5.so(+0x3b445) [0x7fb0a263b445]
/home/user/software/vivado2023/Vivado/2023.2/lib/lnx64.o/libtcl8.5.so(+0x3356f) [0x7fb0a263356f]
/home/user/software/vivado2023/Vivado/2023.2/lib/lnx64.o/libtcl8.5.so(+0x76945) [0x7fb0a2676945]
/home/user/software/vivado2023/Vivado/2023.2/lib/lnx64.o/libtcl8.5.so(+0x7e0f9) [0x7fb0a267e0f9]
/home/user/software/vivado2023/Vivado/2023.2/lib/lnx64.o/libtcl8.5.so(TclEvalObjEx+0x76) [0x7fb0a2635216]
/home/user/software/vivado2023/Vivado/2023.2/lib/lnx64.o/librdi_commontasks.so(+0x261fb1) [0x7fb09ae61fb1]
/home/user/software/vivado2023/Vivado/2023.2/lib/lnx64.o/libtcl8.5.so(+0x3356f) [0x7fb0a263356f]
/home/user/software/vivado2023/Vivado/2023.2/lib/lnx64.o/libtcl8.5.so(+0x76945) [0x7fb0a2676945]
/home/user/software/vivado2023/Vivado/2023.2/lib/lnx64.o/libtcl8.5.so(TclObjInterpProcCore+0x420) [0x7fb0a26b7ed0]
/home/user/software/vivado2023/Vivado/2023.2/lib/lnx64.o/libtcl8.5.so(+0x3356f) [0x7fb0a263356f]
/home/user/software/vivado2023/Vivado/2023.2/lib/lnx64.o/libtcl8.5.so(+0x76945) [0x7fb0a2676945]
/home/user/software/vivado2023/Vivado/2023.2/lib/lnx64.o/libtcl8.5.so(TclObjInterpProcCore+0x420) [0x7fb0a26b7ed0]
/home/user/software/vivado2023/Vivado/2023.2/lib/lnx64.o/libtcl8.5.so(+0x3356f) [0x7fb0a263356f]
/home/user/software/vivado2023/Vivado/2023.2/lib/lnx64.o/libtcl8.5.so(+0x76945) [0x7fb0a2676945]
/home/user/software/vivado2023/Vivado/2023.2/lib/lnx64.o/libtcl8.5.so(+0x7e0f9) [0x7fb0a267e0f9]
/home/user/software/vivado2023/Vivado/2023.2/lib/lnx64.o/libtcl8.5.so(TclEvalObjEx+0x76) [0x7fb0a2635216]
/home/user/software/vivado2023/Vivado/2023.2/lib/lnx64.o/librdi_commontasks.so(+0x261fb1) [0x7fb09ae61fb1]
/home/user/software/vivado2023/Vivado/2023.2/lib/lnx64.o/libtcl8.5.so(+0x3356f) [0x7fb0a263356f]
/home/user/software/vivado2023/Vivado/2023.2/lib/lnx64.o/libtcl8.5.so(+0x76945) [0x7fb0a2676945]
/home/user/software/vivado2023/Vivado/2023.2/lib/lnx64.o/libtcl8.5.so(Tcl_ExprObj+0xf8) [0x7fb0a267dcd8]
/home/user/software/vivado2023/Vivado/2023.2/lib/lnx64.o/libtcl8.5.so(Tcl_ExprBooleanObj+0x16) [0x7fb0a2633f56]
/home/user/software/vivado2023/Vivado/2023.2/lib/lnx64.o/libtcl8.5.so(+0x3e7ae) [0x7fb0a263e7ae]
/home/user/software/vivado2023/Vivado/2023.2/lib/lnx64.o/libtcl8.5.so(+0x3356f) [0x7fb0a263356f]
/home/user/software/vivado2023/Vivado/2023.2/lib/lnx64.o/libtcl8.5.so(+0x34bf8) [0x7fb0a2634bf8]
/home/user/software/vivado2023/Vivado/2023.2/lib/lnx64.o/libtcl8.5.so(Tcl_EvalEx+0x13) [0x7fb0a2635163]
/home/user/software/vivado2023/Vivado/2023.2/lib/lnx64.o/libtcl8.5.so(Tcl_FSEvalFileEx+0x1da) [0x7fb0a2699d2a]
/home/user/software/vivado2023/Vivado/2023.2/lib/lnx64.o/librdi_commontasks.so(+0x27e220) [0x7fb09ae7e220]
/home/user/software/vivado2023/Vivado/2023.2/lib/lnx64.o/librdi_common.so(+0xd7d9bf) [0x7fb0a837d9bf]
/home/user/software/vivado2023/Vivado/2023.2/lib/lnx64.o/libtcl8.5.so(+0x3356f) [0x7fb0a263356f]
/home/user/software/vivado2023/Vivado/2023.2/lib/lnx64.o/libtcl8.5.so(+0x76945) [0x7fb0a2676945]
/home/user/software/vivado2023/Vivado/2023.2/lib/lnx64.o/libtcl8.5.so(+0x7e0f9) [0x7fb0a267e0f9]
/home/user/software/vivado2023/Vivado/2023.2/lib/lnx64.o/libtcl8.5.so(TclEvalObjEx+0x76) [0x7fb0a2635216]
/home/user/software/vivado2023/Vivado/2023.2/lib/lnx64.o/libtcl8.5.so(+0xb7637) [0x7fb0a26b7637]
/home/user/software/vivado2023/Vivado/2023.2/lib/lnx64.o/libtcl8.5.so(+0x3356f) [0x7fb0a263356f]
/home/user/software/vivado2023/Vivado/2023.2/lib/lnx64.o/libtcl8.5.so(+0x76945) [0x7fb0a2676945]
/home/user/software/vivado2023/Vivado/2023.2/lib/lnx64.o/libtcl8.5.so(+0x7e0f9) [0x7fb0a267e0f9]
/home/user/software/vivado2023/Vivado/2023.2/lib/lnx64.o/libtcl8.5.so(TclEvalObjEx+0x76) [0x7fb0a2635216]
/home/user/software/vivado2023/Vivado/2023.2/lib/lnx64.o/librdi_commontasks.so(+0x261f0e) [0x7fb09ae61f0e]
/home/user/software/vivado2023/Vivado/2023.2/lib/lnx64.o/libtcl8.5.so(+0x3356f) [0x7fb0a263356f]
/home/user/software/vivado2023/Vivado/2023.2/lib/lnx64.o/libtcl8.5.so(+0x34bf8) [0x7fb0a2634bf8]
/home/user/software/vivado2023/Vivado/2023.2/lib/lnx64.o/libtcl8.5.so(+0xad566) [0x7fb0a26ad566]
/home/user/software/vivado2023/Vivado/2023.2/lib/lnx64.o/libtcl8.5.so(+0x34785) [0x7fb0a2634785]
/home/user/software/vivado2023/Vivado/2023.2/lib/lnx64.o/libtcl8.5.so(Tcl_EvalEx+0x13) [0x7fb0a2635163]
/home/user/software/vivado2023/Vivado/2023.2/lib/lnx64.o/libtcl8.5.so(Tcl_FSEvalFileEx+0x1da) [0x7fb0a2699d2a]
/home/user/software/vivado2023/Vivado/2023.2/lib/lnx64.o/librdi_commontasks.so(+0x27e220) [0x7fb09ae7e220]
/home/user/software/vivado2023/Vivado/2023.2/lib/lnx64.o/librdi_common.so(+0xd7d9bf) [0x7fb0a837d9bf]
/home/user/software/vivado2023/Vivado/2023.2/lib/lnx64.o/libtcl8.5.so(+0x3356f) [0x7fb0a263356f]
/home/user/software/vivado2023/Vivado/2023.2/lib/lnx64.o/libtcl8.5.so(Tcl_EvalObjv+0x32) [0x7fb0a26336a2]
/home/user/software/vivado2023/Vivado/2023.2/lib/lnx64.o/libtcl8.5.so(TclEvalObjEx+0x322) [0x7fb0a26354c2]
/home/user/software/vivado2023/Vivado/2023.2/lib/lnx64.o/librdi_common.so(hdi::tcltasks::task_manager::eval_in_tcl(Tcl_Interp*, Tcl_Obj*, char const*, bool)+0x74d) [0x7fb0a837be1d]
/home/user/software/vivado2023/Vivado/2023.2/lib/lnx64.o/librdi_designutils.so(HRTInvoker::inProcessLaunch(HDGUIStatus&)+0x310) [0x7fb090c24380]
/home/user/software/vivado2023/Vivado/2023.2/lib/lnx64.o/librdi_designutils.so(HRTInvoker::launch(HDGUIStatus&)+0x33) [0x7fb090c24933]
/home/user/software/vivado2023/Vivado/2023.2/lib/lnx64.o/librdi_vivadotasks.so(+0x70211c) [0x7fb06a90211c]
/home/user/software/vivado2023/Vivado/2023.2/lib/lnx64.o/librdi_vivadotasks.so(+0x70b832) [0x7fb06a90b832]
/home/user/software/vivado2023/Vivado/2023.2/lib/lnx64.o/librdi_common.so(+0xd7d9bf) [0x7fb0a837d9bf]
/home/user/software/vivado2023/Vivado/2023.2/lib/lnx64.o/libtcl8.5.so(+0x3356f) [0x7fb0a263356f]
/home/user/software/vivado2023/Vivado/2023.2/lib/lnx64.o/libtcl8.5.so(+0x76945) [0x7fb0a2676945]
/home/user/software/vivado2023/Vivado/2023.2/lib/lnx64.o/libtcl8.5.so(+0x7e0f9) [0x7fb0a267e0f9]
/home/user/software/vivado2023/Vivado/2023.2/lib/lnx64.o/libtcl8.5.so(TclEvalObjEx+0x76) [0x7fb0a2635216]
/home/user/software/vivado2023/Vivado/2023.2/lib/lnx64.o/libtcl8.5.so(Tcl_RecordAndEvalObj+0x143) [0x7fb0a2683bd3]
/home/user/software/vivado2023/Vivado/2023.2/lib/lnx64.o/librdi_commontasks.so(+0x2fc369) [0x7fb09aefc369]
/home/user/software/vivado2023/Vivado/2023.2/lib/lnx64.o/libtcl8.5.so(Tcl_Main+0x620) [0x7fb0a26a0740]
/home/user/software/vivado2023/Vivado/2023.2/lib/lnx64.o/librdi_common.so(+0xda6f7b) [0x7fb0a83a6f7b]
/lib/x86_64-linux-gnu/libc.so.6(+0x94ac3) [0x7fb0a6a94ac3]
/lib/x86_64-linux-gnu/libc.so.6(+0x126660) [0x7fb0a6b26660]
