#
# An unexpected error has occurred (11)
#
Stack:
/lib/x86_64-linux-gnu/libc.so.6(+0x42520) [0x7780a5c42520]
/home/user/software/vivado2024/Vivado/2024.1/lib/lnx64.o/librdi_synth.so(DFPin::disconnect()+0xd) [0x77806e0154ed]
/home/user/software/vivado2024/Vivado/2024.1/lib/lnx64.o/librdi_synth.so(+0x11607f9) [0x77806c9607f9]
/home/user/software/vivado2024/Vivado/2024.1/lib/lnx64.o/librdi_synth.so(HARTHOptPrepDsp::prepDspConnections(DFNode*)+0x15e) [0x77806c969cce]
/home/user/software/vivado2024/Vivado/2024.1/lib/lnx64.o/librdi_synth.so(DFPin::travelTopDownIter(DFGraphTraverseFuncVoid&, UFlags<Option>, UHashList<DFEdge*, DFEdge*, UEKey<DFEdge*>, UHashListNode<DFEdge*>, DFEdge*>*, DFGraph*)+0x580) [0x77806e018ae0]
/home/user/software/vivado2024/Vivado/2024.1/lib/lnx64.o/librdi_synth.so(DFGraph::traverseTopDown(DFGraphTraverseFuncVoid&, UFlags<Option>, UHashList<DFEdge*, DFEdge*, UEKey<DFEdge*>, UHashListNode<DFEdge*>, DFEdge*>*, DFGraph*)+0xb9) [0x77806dffd8e9]
/home/user/software/vivado2024/Vivado/2024.1/lib/lnx64.o/librdi_synth.so(DFGraph::traverseTopDown(void (*)(DFNode*), UFlags<Option>, UHashList<DFEdge*, DFEdge*, UEKey<DFEdge*>, UHashListNode<DFEdge*>, DFEdge*>*, DFGraph*)+0x20) [0x77806dffda10]
/home/user/software/vivado2024/Vivado/2024.1/lib/lnx64.o/librdi_synth.so(HARTHOptPost::topDownPass(void (*)(DFNode*), std::__cxx11::basic_string<char, std::char_traits<char>, std::allocator<char> >, bool)+0x1e) [0x77806c9360ce]
/home/user/software/vivado2024/Vivado/2024.1/lib/lnx64.o/librdi_synth.so(HARTHOptPost::prepDsps()+0x753) [0x77806c936d63]
/home/user/software/vivado2024/Vivado/2024.1/lib/lnx64.o/librdi_synth.so(HARTHOptPost::optimize()+0x1cf0) [0x77806c93a960]
/home/user/software/vivado2024/Vivado/2024.1/lib/lnx64.o/librdi_synth.so(HARTHOptDfg::optCallbackPost(DFGraph*)+0x1f) [0x77806d10480f]
/home/user/software/vivado2024/Vivado/2024.1/lib/lnx64.o/librdi_synth.so(HARTNDb::HARTReSynthReInfer(HOptRestructDfg&, NRealModC*, HARTNDb::MergePhase)+0x226) [0x77806ca58346]
/home/user/software/vivado2024/Vivado/2024.1/lib/lnx64.o/librdi_synth.so(HARTNDb::HARTMergeResynPartitionsR(NRealMod, HARTNDb::MergePhase, bool)+0x1d7f) [0x77806ca8126f]
/home/user/software/vivado2024/Vivado/2024.1/lib/lnx64.o/librdi_synth.so(HARTNDb::HARTMergeResynPartitionsR(NRealMod, HARTNDb::MergePhase, bool)+0xee8) [0x77806ca803d8]
/home/user/software/vivado2024/Vivado/2024.1/lib/lnx64.o/librdi_synth.so(HARTNDb::HARTMergeResynPartitionsR(NRealMod, HARTNDb::MergePhase, bool)+0xee8) [0x77806ca803d8]
/home/user/software/vivado2024/Vivado/2024.1/lib/lnx64.o/librdi_synth.so(HARTNDb::HARTMergeResynPartitions(NRealMod, HARTNDb::MergePhase, bool)+0x180) [0x77806ca829d0]
/home/user/software/vivado2024/Vivado/2024.1/lib/lnx64.o/librdi_synth.so(HARTNDb::reSynthReInfer(bool)+0xe2) [0x77806ca82bf2]
/home/user/software/vivado2024/Vivado/2024.1/lib/lnx64.o/librdi_synth.so(+0x1419763) [0x77806cc19763]
/home/user/software/vivado2024/Vivado/2024.1/lib/lnx64.o/librdi_synth.so(+0x13623e5) [0x77806cb623e5]
/home/user/software/vivado2024/Vivado/2024.1/lib/lnx64.o/libtcl8.6.so(TclNRRunCallbacks+0x47) [0x7780a5e84497]
/home/user/software/vivado2024/Vivado/2024.1/lib/lnx64.o/librdi_commontasks.so(+0x25c6d1) [0x77809ae5c6d1]
/home/user/software/vivado2024/Vivado/2024.1/lib/lnx64.o/libtcl8.6.so(TclNRRunCallbacks+0x47) [0x7780a5e84497]
/home/user/software/vivado2024/Vivado/2024.1/lib/lnx64.o/librdi_common.so(hdi::tcltasks::task_manager::eval_in_tcl(Tcl_Interp*, Tcl_Obj*, char const*, bool)+0x7ad) [0x7780a758415d]
/home/user/software/vivado2024/Vivado/2024.1/lib/lnx64.o/librdi_common.so(hdi::tcltasks::task_manager::eval_in_tcl(Tcl_Interp*, char const*, char const*, bool)+0xda) [0x7780a75847aa]
/home/user/software/vivado2024/Vivado/2024.1/lib/lnx64.o/librdi_synth.so(HARTNDb::processGenomesSequentially(bool, char const*, char const*)+0xbce) [0x77806cae859e]
/home/user/software/vivado2024/Vivado/2024.1/lib/lnx64.o/librdi_synth.so(+0x1400008) [0x77806cc00008]
/home/user/software/vivado2024/Vivado/2024.1/lib/lnx64.o/librdi_synth.so(+0x13623e5) [0x77806cb623e5]
/home/user/software/vivado2024/Vivado/2024.1/lib/lnx64.o/libtcl8.6.so(TclNRRunCallbacks+0x47) [0x7780a5e84497]
/home/user/software/vivado2024/Vivado/2024.1/lib/lnx64.o/librdi_commontasks.so(+0x25c6d1) [0x77809ae5c6d1]
/home/user/software/vivado2024/Vivado/2024.1/lib/lnx64.o/libtcl8.6.so(TclNRRunCallbacks+0x47) [0x7780a5e84497]
/home/user/software/vivado2024/Vivado/2024.1/lib/lnx64.o/librdi_commontasks.so(+0x25c6d1) [0x77809ae5c6d1]
/home/user/software/vivado2024/Vivado/2024.1/lib/lnx64.o/libtcl8.6.so(TclNRRunCallbacks+0x47) [0x7780a5e84497]
/home/user/software/vivado2024/Vivado/2024.1/lib/lnx64.o/libtcl8.6.so(+0x45309) [0x7780a5e86309]
/home/user/software/vivado2024/Vivado/2024.1/lib/lnx64.o/libtcl8.6.so(Tcl_FSEvalFileEx+0x1f8) [0x7780a5f3bae8]
/home/user/software/vivado2024/Vivado/2024.1/lib/lnx64.o/librdi_commontasks.so(+0x27c1d5) [0x77809ae7c1d5]
/home/user/software/vivado2024/Vivado/2024.1/lib/lnx64.o/librdi_common.so(+0xd85d9f) [0x7780a7585d9f]
/home/user/software/vivado2024/Vivado/2024.1/lib/lnx64.o/libtcl8.6.so(TclNRRunCallbacks+0x47) [0x7780a5e84497]
/home/user/software/vivado2024/Vivado/2024.1/lib/lnx64.o/librdi_commontasks.so(+0x25c62e) [0x77809ae5c62e]
/home/user/software/vivado2024/Vivado/2024.1/lib/lnx64.o/libtcl8.6.so(TclNRRunCallbacks+0x47) [0x7780a5e84497]
/home/user/software/vivado2024/Vivado/2024.1/lib/lnx64.o/libtcl8.6.so(+0x45309) [0x7780a5e86309]
/home/user/software/vivado2024/Vivado/2024.1/lib/lnx64.o/libtcl8.6.so(TclSubstTokens+0x4a9) [0x7780a5f4ed59]
/home/user/software/vivado2024/Vivado/2024.1/lib/lnx64.o/libtcl8.6.so(+0x45153) [0x7780a5e86153]
/home/user/software/vivado2024/Vivado/2024.1/lib/lnx64.o/libtcl8.6.so(Tcl_FSEvalFileEx+0x1f8) [0x7780a5f3bae8]
/home/user/software/vivado2024/Vivado/2024.1/lib/lnx64.o/librdi_commontasks.so(+0x27c1d5) [0x77809ae7c1d5]
/home/user/software/vivado2024/Vivado/2024.1/lib/lnx64.o/librdi_common.so(+0xd85d9f) [0x7780a7585d9f]
/home/user/software/vivado2024/Vivado/2024.1/lib/lnx64.o/libtcl8.6.so(TclNRRunCallbacks+0x47) [0x7780a5e84497]
/home/user/software/vivado2024/Vivado/2024.1/lib/lnx64.o/librdi_common.so(hdi::tcltasks::task_manager::eval_in_tcl(Tcl_Interp*, Tcl_Obj*, char const*, bool)+0x7ad) [0x7780a758415d]
/home/user/software/vivado2024/Vivado/2024.1/lib/lnx64.o/librdi_designutils.so(HRTInvoker::inProcessLaunch(HDGUIStatus&)+0x310) [0x778090149680]
/home/user/software/vivado2024/Vivado/2024.1/lib/lnx64.o/librdi_designutils.so(HRTInvoker::launch(HDGUIStatus&)+0x33) [0x778090149c33]
/home/user/software/vivado2024/Vivado/2024.1/lib/lnx64.o/librdi_vivadotasks.so(+0x78d6dc) [0x77806638d6dc]
/home/user/software/vivado2024/Vivado/2024.1/lib/lnx64.o/librdi_vivadotasks.so(+0x797063) [0x778066397063]
/home/user/software/vivado2024/Vivado/2024.1/lib/lnx64.o/librdi_common.so(+0xd85d9f) [0x7780a7585d9f]
/home/user/software/vivado2024/Vivado/2024.1/lib/lnx64.o/libtcl8.6.so(TclNRRunCallbacks+0x47) [0x7780a5e84497]
/home/user/software/vivado2024/Vivado/2024.1/lib/lnx64.o/libtcl8.6.so(Tcl_RecordAndEvalObj+0xd4) [0x7780a5f20214]
/home/user/software/vivado2024/Vivado/2024.1/lib/lnx64.o/librdi_commontasks.so(+0x2ffbe9) [0x77809aeffbe9]
/home/user/software/vivado2024/Vivado/2024.1/lib/lnx64.o/libtcl8.6.so(Tcl_MainEx+0x59a) [0x7780a5f4342a]
/home/user/software/vivado2024/Vivado/2024.1/lib/lnx64.o/librdi_common.so(+0xdaf42b) [0x7780a75af42b]
/lib/x86_64-linux-gnu/libc.so.6(+0x94ac3) [0x7780a5c94ac3]
/lib/x86_64-linux-gnu/libc.so.6(+0x126850) [0x7780a5d26850]
