#
# An unexpected error has occurred (11)
#
Stack:
/lib/x86_64-linux-gnu/libc.so.6(+0x42520) [0x724840442520]
/home/user/software/vivado2024/Vivado/2024.1/lib/lnx64.o/librdi_common.so(ui::common::msgmgr::ComMsgMgrProtoFile::MsgList::ByteSizeLong() const+0x3b) [0x724841a4554b]
/home/user/software/vivado2024/Vivado/2024.1/lib/lnx64.o/libprotobuf.so.32(google::protobuf::MessageLite::SerializePartialToZeroCopyStream(google::protobuf::io::ZeroCopyOutputStream*) const+0x187) [0x72483d50d027]
/home/user/software/vivado2024/Vivado/2024.1/lib/lnx64.o/libprotobuf.so.32(google::protobuf::MessageLite::SerializeToOstream(std::ostream*) const+0x2b) [0x72483d50ec6b]
/home/user/software/vivado2024/Vivado/2024.1/lib/lnx64.o/librdi_common.so(ComMsgMgrStoragePbFile::writeMessages()+0x28) [0x724841a51a68]
/home/user/software/vivado2024/Vivado/2024.1/lib/lnx64.o/librdi_common.so(ComMsgMgrStorage::addMessageInstance(ComMsgMgrInstance*, ComMsgMgrSrcHandle const&)+0xba) [0x724841a4e6ea]
/home/user/software/vivado2024/Vivado/2024.1/lib/lnx64.o/librdi_common.so(ComMsgMgrImpl::storeMessageNoCheck(ComMsgMgrInstance const&, ComMsgMgrSrcHandle const&)+0xbf) [0x724841a06f8f]
/home/user/software/vivado2024/Vivado/2024.1/lib/lnx64.o/librdi_common.so(ComMsgMgrImpl::sendMessageWithCheck(ComMsgMgrInstance const&, ComMsgMgrSrcHandle const&, bool)+0x63c) [0x724841a1256c]
/home/user/software/vivado2024/Vivado/2024.1/lib/lnx64.o/librdi_common.so(ComMsgMgrImpl::sendMessage(ComMsgMgrInstance const&, ComMsgMgrSrcHandle const&, bool)+0x232) [0x724841a148e2]
/home/user/software/vivado2024/Vivado/2024.1/lib/lnx64.o/librdi_common.so(ComMsgMgr::sendMessage(ComMsgMgrInstance const&)+0x30) [0x7248419f1320]
/home/user/software/vivado2024/Vivado/2024.1/lib/lnx64.o/librdi_common.so(ComMsgMgr::sendMsg::eval(int, char const*, int, std::__cxx11::basic_string<char, std::char_traits<char>, std::allocator<char> > const&, ComMsgMgr::MsgMask, char const*, ...)+0xe6) [0x7248419f22f6]
/home/user/software/vivado2024/Vivado/2024.1/lib/lnx64.o/librdi_device.so(HDARPart::initializeVeamPart()+0x635) [0x72482855f375]
/home/user/software/vivado2024/Vivado/2024.1/lib/lnx64.o/librdi_device.so(HDARPart::_createPartSpec() const+0x138) [0x72482855f6f8]
/home/user/software/vivado2024/Vivado/2024.1/lib/lnx64.o/librdi_device.so(HDARPart::operator CommonPart::PartSpec const&() const+0x9) [0x72482855fab9]
/home/user/software/vivado2024/Vivado/2024.1/lib/lnx64.o/librdi_device.so(HDARPart::getLibraryForPart(HDARPart const*)+0x1e) [0x72482855fcfe]
/home/user/software/vivado2024/Vivado/2024.1/lib/lnx64.o/librdi_device.so(HARParse::parseSitemap()+0xe1) [0x724827eb6f41]
/home/user/software/vivado2024/Vivado/2024.1/lib/lnx64.o/librdi_device.so(HARParse::parseArchitecture(bool)+0x854) [0x724827eb7e64]
/home/user/software/vivado2024/Vivado/2024.1/lib/lnx64.o/librdi_device.so(HARPartLoader::loadFiles(HDARPart*, bool)+0x1a07) [0x724828598167]
/home/user/software/vivado2024/Vivado/2024.1/lib/lnx64.o/librdi_device.so(HARPartLoader::loadArch(HDARPart const*, bool, bool)+0x1aab) [0x72482859aa5b]
/home/user/software/vivado2024/Vivado/2024.1/lib/lnx64.o/librdi_synth.so(HARTPADelayMgr::loadPart(UKeyword, char const*, char const*, char const*)+0x575) [0x724807341355]
/home/user/software/vivado2024/Vivado/2024.1/lib/lnx64.o/librdi_synth.so(HARTNDb::loadPartOld(char const*, NDbC*)+0xcb) [0x72480732db2b]
/home/user/software/vivado2024/Vivado/2024.1/lib/lnx64.o/librdi_synth.so(+0x132dd77) [0x72480732dd77]
/lib/x86_64-linux-gnu/libc.so.6(+0x94ac3) [0x724840494ac3]
/lib/x86_64-linux-gnu/libc.so.6(+0x126850) [0x724840526850]
