#-----------------------------------------------------------
# Vivado v2024.1 (64-bit)
# SW Build 5076996 on Wed May 22 18:36:09 MDT 2024
# IP Build 5075265 on Wed May 22 21:45:21 MDT 2024
# SharedData Build 5076995 on Wed May 22 18:29:18 MDT 2024
# Start of session at: Tue Jun  4 20:16:52 2024
# Process ID: 3744975
# Current directory: /home/user/vivado_project
# Command line: vivado -mode tcl
# Log file: /home/user/vivado_project/vivado.log
# Journal file: /home/user/vivado_project/vivado.jou
# Running On        :user-System-Product-Name
# Platform          :Ubuntu
# Operating System  :Ubuntu 22.04.3 LTS
# Processor Detail  :13th Gen Intel(R) Core(TM) i9-13900K
# CPU Frequency     :5500.000 MHz
# CPU Physical cores:24
# CPU Logical cores :32
# Host memory       :134858 MB
# Swap memory       :2147 MB
# Total Virtual     :137005 MB
# Available Virtual :120369 MB
#-----------------------------------------------------------
read_verilog design.v 
read_verilog: Time (s): cpu = 00:00:06 ; elapsed = 00:00:06 . Memory (MB): peak = 1416.648 ; gain = 0.023 ; free physical = 17394 ; free virtual = 113872
/home/user/vivado_project/design.v
synth_design -top top
Command: synth_design -top top
Starting synth_design
Using part: xc7k70tfbv676-1
Attempting to get a license for feature 'Synthesis' and/or device 'xc7k70t'
INFO: [Common 17-349] Got license for feature 'Synthesis' and/or device 'xc7k70t'
INFO: [Synth 8-7079] Multithreading enabled for synth_design using a maximum of 4 processes.
INFO: [Synth 8-7078] Launching helper process for spawning children vivado processes
INFO: [Synth 8-7075] Helper process launched with PID 3746168
---------------------------------------------------------------------------------
Starting Synthesize : Time (s): cpu = 00:00:02 ; elapsed = 00:00:02 . Memory (MB): peak = 1805.426 ; gain = 388.773 ; free physical = 14376 ; free virtual = 110893
---------------------------------------------------------------------------------
INFO: [Synth 8-6157] synthesizing module 'top' [/home/user/vivado_project/design.v:1]
WARNING: [Synth 8-5974] attribute "use_dsp48" has been deprecated, please use "use_dsp" instead 
INFO: [Synth 8-6157] synthesizing module 'module7' [/home/user/vivado_project/design.v:54]
WARNING: [Synth 8-5974] attribute "use_dsp48" has been deprecated, please use "use_dsp" instead 
INFO: [Synth 8-6157] synthesizing module 'module203' [/home/user/vivado_project/design.v:124]
WARNING: [Synth 8-5974] attribute "use_dsp48" has been deprecated, please use "use_dsp" instead 
WARNING: [Synth 8-451] negative shift count is treated as unsigned [/home/user/vivado_project/design.v:498]
WARNING: [Synth 8-451] negative shift count is treated as unsigned [/home/user/vivado_project/design.v:498]
WARNING: [Synth 8-451] negative shift count is treated as unsigned [/home/user/vivado_project/design.v:498]
WARNING: [Synth 8-451] negative shift count is treated as unsigned [/home/user/vivado_project/design.v:498]
INFO: [Synth 8-6155] done synthesizing module 'module203' (0#1) [/home/user/vivado_project/design.v:124]
WARNING: [Synth 8-689] width (13) of port connection 'y' does not match port width (1119) of module 'module203' [/home/user/vivado_project/design.v:113]
WARNING: [Synth 8-689] width (12) of port connection 'wire205' does not match port width (11) of module 'module203' [/home/user/vivado_project/design.v:113]
WARNING: [Synth 8-689] width (13) of port connection 'wire207' does not match port width (4) of module 'module203' [/home/user/vivado_project/design.v:113]
WARNING: [Synth 8-689] width (22) of port connection 'wire204' does not match port width (21) of module 'module203' [/home/user/vivado_project/design.v:113]
WARNING: [Synth 8-689] width (12) of port connection 'wire206' does not match port width (9) of module 'module203' [/home/user/vivado_project/design.v:113]
INFO: [Synth 8-6155] done synthesizing module 'module7' (0#1) [/home/user/vivado_project/design.v:54]
WARNING: [Synth 8-689] width (13) of port connection 'y' does not match port width (199) of module 'module7' [/home/user/vivado_project/design.v:36]
INFO: [Synth 8-6155] done synthesizing module 'top' (0#1) [/home/user/vivado_project/design.v:1]
WARNING: [Synth 8-3848] Net wire429 in module/entity module7 does not have driver. [/home/user/vivado_project/design.v:78]
WARNING: [Synth 8-3848] Net wire323 in module/entity module7 does not have driver. [/home/user/vivado_project/design.v:75]
WARNING: [Synth 8-3848] Net wire199 in module/entity module7 does not have driver. [/home/user/vivado_project/design.v:64]
WARNING: [Synth 8-3848] Net wire89 in module/entity module7 does not have driver. [/home/user/vivado_project/design.v:66]
WARNING: [Synth 8-3848] Net wire440 in module/entity top does not have driver. [/home/user/vivado_project/design.v:9]
WARNING: [Synth 8-3917] design top has port y[125] driven by constant 0
WARNING: [Synth 8-3917] design top has port y[124] driven by constant 0
WARNING: [Synth 8-3917] design top has port y[123] driven by constant 0
WARNING: [Synth 8-3917] design top has port y[122] driven by constant 0
WARNING: [Synth 8-3917] design top has port y[121] driven by constant 0
WARNING: [Synth 8-3917] design top has port y[120] driven by constant 0
WARNING: [Synth 8-3917] design top has port y[119] driven by constant 0
WARNING: [Synth 8-3917] design top has port y[118] driven by constant 0
WARNING: [Synth 8-3917] design top has port y[117] driven by constant 0
WARNING: [Synth 8-3917] design top has port y[116] driven by constant 0
WARNING: [Synth 8-3917] design top has port y[115] driven by constant 0
WARNING: [Synth 8-3917] design top has port y[114] driven by constant 0
WARNING: [Synth 8-3917] design top has port y[113] driven by constant 0
WARNING: [Synth 8-3917] design top has port y[112] driven by constant 0
WARNING: [Synth 8-3917] design top has port y[57] driven by constant 0
WARNING: [Synth 8-3917] design top has port y[56] driven by constant 0
WARNING: [Synth 8-3917] design top has port y[55] driven by constant 0
WARNING: [Synth 8-3917] design top has port y[54] driven by constant 0
WARNING: [Synth 8-3917] design top has port y[53] driven by constant 0
WARNING: [Synth 8-3917] design top has port y[52] driven by constant 0
WARNING: [Synth 8-3917] design top has port y[51] driven by constant 0
WARNING: [Synth 8-3917] design top has port y[50] driven by constant 0
WARNING: [Synth 8-3917] design top has port y[49] driven by constant 0
WARNING: [Synth 8-3917] design top has port y[48] driven by constant 0
WARNING: [Synth 8-3917] design top has port y[47] driven by constant 0
WARNING: [Synth 8-3917] design top has port y[46] driven by constant 0
WARNING: [Synth 8-3917] design top has port y[45] driven by constant 0
WARNING: [Synth 8-3917] design top has port y[44] driven by constant 0
WARNING: [Synth 8-3917] design top has port y[43] driven by constant 0
WARNING: [Synth 8-3917] design top has port y[42] driven by constant 0
WARNING: [Synth 8-3917] design top has port y[41] driven by constant 0
WARNING: [Synth 8-3917] design top has port y[40] driven by constant 0
WARNING: [Synth 8-3917] design top has port y[39] driven by constant 0
WARNING: [Synth 8-3917] design top has port y[38] driven by constant 0
WARNING: [Synth 8-3917] design top has port y[37] driven by constant 0
WARNING: [Synth 8-3917] design top has port y[35] driven by constant 0
WARNING: [Synth 8-3917] design top has port y[0] driven by constant 0
WARNING: [Synth 8-7129] Port y[179] in module module7 is either unconnected or has no load
WARNING: [Synth 8-7129] Port y[178] in module module7 is either unconnected or has no load
WARNING: [Synth 8-7129] Port y[177] in module module7 is either unconnected or has no load
WARNING: [Synth 8-7129] Port y[176] in module module7 is either unconnected or has no load
WARNING: [Synth 8-7129] Port y[175] in module module7 is either unconnected or has no load
WARNING: [Synth 8-7129] Port y[174] in module module7 is either unconnected or has no load
WARNING: [Synth 8-7129] Port y[173] in module module7 is either unconnected or has no load
WARNING: [Synth 8-7129] Port y[172] in module module7 is either unconnected or has no load
WARNING: [Synth 8-7129] Port y[171] in module module7 is either unconnected or has no load
WARNING: [Synth 8-7129] Port y[170] in module module7 is either unconnected or has no load
WARNING: [Synth 8-7129] Port y[169] in module module7 is either unconnected or has no load
WARNING: [Synth 8-7129] Port y[168] in module module7 is either unconnected or has no load
WARNING: [Synth 8-7129] Port y[167] in module module7 is either unconnected or has no load
WARNING: [Synth 8-7129] Port y[166] in module module7 is either unconnected or has no load
WARNING: [Synth 8-7129] Port y[165] in module module7 is either unconnected or has no load
WARNING: [Synth 8-7129] Port y[164] in module module7 is either unconnected or has no load
WARNING: [Synth 8-7129] Port y[163] in module module7 is either unconnected or has no load
WARNING: [Synth 8-7129] Port y[162] in module module7 is either unconnected or has no load
WARNING: [Synth 8-7129] Port y[161] in module module7 is either unconnected or has no load
WARNING: [Synth 8-7129] Port y[41] in module module7 is either unconnected or has no load
WARNING: [Synth 8-7129] Port y[40] in module module7 is either unconnected or has no load
WARNING: [Synth 8-7129] Port y[39] in module module7 is either unconnected or has no load
WARNING: [Synth 8-7129] Port y[38] in module module7 is either unconnected or has no load
WARNING: [Synth 8-7129] Port y[37] in module module7 is either unconnected or has no load
WARNING: [Synth 8-7129] Port y[36] in module module7 is either unconnected or has no load
WARNING: [Synth 8-7129] Port y[35] in module module7 is either unconnected or has no load
WARNING: [Synth 8-7129] Port y[34] in module module7 is either unconnected or has no load
WARNING: [Synth 8-7129] Port y[33] in module module7 is either unconnected or has no load
WARNING: [Synth 8-7129] Port y[32] in module module7 is either unconnected or has no load
WARNING: [Synth 8-7129] Port y[31] in module module7 is either unconnected or has no load
WARNING: [Synth 8-7129] Port y[30] in module module7 is either unconnected or has no load
WARNING: [Synth 8-7129] Port y[29] in module module7 is either unconnected or has no load
WARNING: [Synth 8-7129] Port y[28] in module module7 is either unconnected or has no load
WARNING: [Synth 8-7129] Port y[27] in module module7 is either unconnected or has no load
WARNING: [Synth 8-7129] Port y[26] in module module7 is either unconnected or has no load
WARNING: [Synth 8-7129] Port y[12] in module module7 is either unconnected or has no load
WARNING: [Synth 8-7129] Port y[11] in module module7 is either unconnected or has no load
WARNING: [Synth 8-7129] Port y[10] in module module7 is either unconnected or has no load
WARNING: [Synth 8-7129] Port y[9] in module module7 is either unconnected or has no load
WARNING: [Synth 8-7129] Port y[8] in module module7 is either unconnected or has no load
WARNING: [Synth 8-7129] Port y[7] in module module7 is either unconnected or has no load
WARNING: [Synth 8-7129] Port y[6] in module module7 is either unconnected or has no load
WARNING: [Synth 8-7129] Port y[5] in module module7 is either unconnected or has no load
WARNING: [Synth 8-7129] Port y[4] in module module7 is either unconnected or has no load
WARNING: [Synth 8-7129] Port y[3] in module module7 is either unconnected or has no load
WARNING: [Synth 8-7129] Port y[2] in module module7 is either unconnected or has no load
WARNING: [Synth 8-7129] Port y[1] in module module7 is either unconnected or has no load
WARNING: [Synth 8-7129] Port wire10[21] in module module7 is either unconnected or has no load
WARNING: [Synth 8-7129] Port wire10[20] in module module7 is either unconnected or has no load
WARNING: [Synth 8-7129] Port wire10[19] in module module7 is either unconnected or has no load
WARNING: [Synth 8-7129] Port wire10[18] in module module7 is either unconnected or has no load
WARNING: [Synth 8-7129] Port wire10[17] in module module7 is either unconnected or has no load
WARNING: [Synth 8-7129] Port wire10[16] in module module7 is either unconnected or has no load
WARNING: [Synth 8-7129] Port wire10[4] in module module7 is either unconnected or has no load
WARNING: [Synth 8-7129] Port wire10[3] in module module7 is either unconnected or has no load
WARNING: [Synth 8-7129] Port wire10[2] in module module7 is either unconnected or has no load
WARNING: [Synth 8-7129] Port wire10[1] in module module7 is either unconnected or has no load
WARNING: [Synth 8-7129] Port wire10[0] in module module7 is either unconnected or has no load
WARNING: [Synth 8-7129] Port y[132] in module top is either unconnected or has no load
WARNING: [Synth 8-7129] Port y[131] in module top is either unconnected or has no load
WARNING: [Synth 8-7129] Port y[130] in module top is either unconnected or has no load
WARNING: [Synth 8-7129] Port y[129] in module top is either unconnected or has no load
WARNING: [Synth 8-7129] Port y[128] in module top is either unconnected or has no load
WARNING: [Synth 8-7129] Port y[127] in module top is either unconnected or has no load
WARNING: [Synth 8-7129] Port y[126] in module top is either unconnected or has no load
---------------------------------------------------------------------------------
Finished Synthesize : Time (s): cpu = 00:00:03 ; elapsed = 00:00:03 . Memory (MB): peak = 1884.363 ; gain = 467.711 ; free physical = 14514 ; free virtual = 111036
---------------------------------------------------------------------------------
---------------------------------------------------------------------------------
Finished Constraint Validation : Time (s): cpu = 00:00:03 ; elapsed = 00:00:03 . Memory (MB): peak = 1899.207 ; gain = 482.555 ; free physical = 14687 ; free virtual = 111221
---------------------------------------------------------------------------------
---------------------------------------------------------------------------------
Start Loading Part and Timing Information
---------------------------------------------------------------------------------
Loading part: xc7k70tfbv676-1
---------------------------------------------------------------------------------
INFO: [Device 21-403] Loading part xc7k70tfbv676-1
Finished Loading Part and Timing Information : Time (s): cpu = 00:00:03 ; elapsed = 00:00:03 . Memory (MB): peak = 1907.211 ; gain = 490.559 ; free physical = 14682 ; free virtual = 111217
---------------------------------------------------------------------------------
