#
# An unexpected error has occurred (6)
#
Stack:
/lib/x86_64-linux-gnu/libc.so.6(+0x42520) [0x7f5dcfc42520]
/lib/x86_64-linux-gnu/libc.so.6(pthread_kill+0x12c) [0x7f5dcfc969fc]
/lib/x86_64-linux-gnu/libc.so.6(raise+0x16) [0x7f5dcfc42476]
/lib/x86_64-linux-gnu/libc.so.6(abort+0xd3) [0x7f5dcfc287f3]
/home/user/software/vivado_2023.2/vivado2302/Vivado/2023.2/lib/lnx64.o/libtcl8.5.so(Tcl_PanicVA+0x10e) [0x7f5dcb8aaa8e]
/home/user/software/vivado_2023.2/vivado2302/Vivado/2023.2/lib/lnx64.o/libtcl8.5.so(Tcl_Panic+0x8c) [0x7f5dcb8aab9c]
/home/user/software/vivado_2023.2/vivado2302/Vivado/2023.2/lib/lnx64.o/libtcl8.5.so(TclStackFree+0x49) [0x7f5dcb874fb9]
/home/user/software/vivado_2023.2/vivado2302/Vivado/2023.2/lib/lnx64.o/libtcl8.5.so(+0x7600b) [0x7f5dcb87600b]
/home/user/software/vivado_2023.2/vivado2302/Vivado/2023.2/lib/lnx64.o/libtcl8.5.so(+0x7e0f9) [0x7f5dcb87e0f9]
/home/user/software/vivado_2023.2/vivado2302/Vivado/2023.2/lib/lnx64.o/libtcl8.5.so(TclEvalObjEx+0x76) [0x7f5dcb835216]
/home/user/software/vivado_2023.2/vivado2302/Vivado/2023.2/lib/lnx64.o/libtcl8.5.so(+0xb7637) [0x7f5dcb8b7637]
/home/user/software/vivado_2023.2/vivado2302/Vivado/2023.2/lib/lnx64.o/libtcl8.5.so(+0x3356f) [0x7f5dcb83356f]
/home/user/software/vivado_2023.2/vivado2302/Vivado/2023.2/lib/lnx64.o/libtcl8.5.so(+0x76945) [0x7f5dcb876945]
/home/user/software/vivado_2023.2/vivado2302/Vivado/2023.2/lib/lnx64.o/libtcl8.5.so(+0x7e0f9) [0x7f5dcb87e0f9]
/home/user/software/vivado_2023.2/vivado2302/Vivado/2023.2/lib/lnx64.o/libtcl8.5.so(TclEvalObjEx+0x76) [0x7f5dcb835216]
/home/user/software/vivado_2023.2/vivado2302/Vivado/2023.2/lib/lnx64.o/librdi_commontasks.so(+0x261f0e) [0x7f5dc4061f0e]
/home/user/software/vivado_2023.2/vivado2302/Vivado/2023.2/lib/lnx64.o/libtcl8.5.so(+0x3356f) [0x7f5dcb83356f]
/home/user/software/vivado_2023.2/vivado2302/Vivado/2023.2/lib/lnx64.o/libtcl8.5.so(+0x34bf8) [0x7f5dcb834bf8]
/home/user/software/vivado_2023.2/vivado2302/Vivado/2023.2/lib/lnx64.o/libtcl8.5.so(+0xad566) [0x7f5dcb8ad566]
/home/user/software/vivado_2023.2/vivado2302/Vivado/2023.2/lib/lnx64.o/libtcl8.5.so(+0x34785) [0x7f5dcb834785]
/home/user/software/vivado_2023.2/vivado2302/Vivado/2023.2/lib/lnx64.o/libtcl8.5.so(Tcl_EvalEx+0x13) [0x7f5dcb835163]
/home/user/software/vivado_2023.2/vivado2302/Vivado/2023.2/lib/lnx64.o/libtcl8.5.so(Tcl_FSEvalFileEx+0x1da) [0x7f5dcb899d2a]
/home/user/software/vivado_2023.2/vivado2302/Vivado/2023.2/lib/lnx64.o/librdi_commontasks.so(+0x27e220) [0x7f5dc407e220]
/home/user/software/vivado_2023.2/vivado2302/Vivado/2023.2/lib/lnx64.o/librdi_common.so(+0xd7d9bf) [0x7f5dd157d9bf]
/home/user/software/vivado_2023.2/vivado2302/Vivado/2023.2/lib/lnx64.o/libtcl8.5.so(+0x3356f) [0x7f5dcb83356f]
/home/user/software/vivado_2023.2/vivado2302/Vivado/2023.2/lib/lnx64.o/libtcl8.5.so(Tcl_EvalObjv+0x32) [0x7f5dcb8336a2]
/home/user/software/vivado_2023.2/vivado2302/Vivado/2023.2/lib/lnx64.o/libtcl8.5.so(TclEvalObjEx+0x322) [0x7f5dcb8354c2]
/home/user/software/vivado_2023.2/vivado2302/Vivado/2023.2/lib/lnx64.o/librdi_common.so(hdi::tcltasks::task_manager::eval_in_tcl(Tcl_Interp*, Tcl_Obj*, char const*, bool)+0x74d) [0x7f5dd157be1d]
/home/user/software/vivado_2023.2/vivado2302/Vivado/2023.2/lib/lnx64.o/librdi_designutils.so(HRTInvoker::inProcessLaunch(HDGUIStatus&)+0x310) [0x7f5db9e24380]
/home/user/software/vivado_2023.2/vivado2302/Vivado/2023.2/lib/lnx64.o/librdi_designutils.so(HRTInvoker::launch(HDGUIStatus&)+0x33) [0x7f5db9e24933]
/home/user/software/vivado_2023.2/vivado2302/Vivado/2023.2/lib/lnx64.o/librdi_vivadotasks.so(+0x70211c) [0x7f5d93b0211c]
/home/user/software/vivado_2023.2/vivado2302/Vivado/2023.2/lib/lnx64.o/librdi_vivadotasks.so(+0x70b832) [0x7f5d93b0b832]
/home/user/software/vivado_2023.2/vivado2302/Vivado/2023.2/lib/lnx64.o/librdi_common.so(+0xd7d9bf) [0x7f5dd157d9bf]
/home/user/software/vivado_2023.2/vivado2302/Vivado/2023.2/lib/lnx64.o/libtcl8.5.so(+0x3356f) [0x7f5dcb83356f]
/home/user/software/vivado_2023.2/vivado2302/Vivado/2023.2/lib/lnx64.o/libtcl8.5.so(+0x76945) [0x7f5dcb876945]
/home/user/software/vivado_2023.2/vivado2302/Vivado/2023.2/lib/lnx64.o/libtcl8.5.so(+0x7e0f9) [0x7f5dcb87e0f9]
/home/user/software/vivado_2023.2/vivado2302/Vivado/2023.2/lib/lnx64.o/libtcl8.5.so(TclEvalObjEx+0x76) [0x7f5dcb835216]
/home/user/software/vivado_2023.2/vivado2302/Vivado/2023.2/lib/lnx64.o/libtcl8.5.so(Tcl_RecordAndEvalObj+0x143) [0x7f5dcb883bd3]
/home/user/software/vivado_2023.2/vivado2302/Vivado/2023.2/lib/lnx64.o/librdi_commontasks.so(+0x2fc369) [0x7f5dc40fc369]
/home/user/software/vivado_2023.2/vivado2302/Vivado/2023.2/lib/lnx64.o/libtcl8.5.so(Tcl_Main+0x620) [0x7f5dcb8a0740]
/home/user/software/vivado_2023.2/vivado2302/Vivado/2023.2/lib/lnx64.o/librdi_common.so(+0xda6f7b) [0x7f5dd15a6f7b]
/lib/x86_64-linux-gnu/libc.so.6(+0x94ac3) [0x7f5dcfc94ac3]
/lib/x86_64-linux-gnu/libc.so.6(+0x126a40) [0x7f5dcfd26a40]
