#
# An unexpected error has occurred (11)
#
Stack:
/lib/x86_64-linux-gnu/libc.so.6(+0x42520) [0x7fe1dc042520]
/media/zou/case/vivado2023/Vivado/2023.2/lib/lnx64.o/librdi_synth.so(NBaseModC::realModule() const+0x25) [0x7fe1a7bb6795]
/media/zou/case/vivado2023/Vivado/2023.2/lib/lnx64.o/librdi_synth.so(ConstProp::assertPortEquivalencies(NRealMod, NNet, NNet, NPin)+0xbc) [0x7fe1a72b715c]
/media/zou/case/vivado2023/Vivado/2023.2/lib/lnx64.o/librdi_synth.so(ConstProp::evaluateModule(NInst, NRealMod, int, bool, UHashSet<NNetC*, NNetC*, UEKey<NNetC*>, UHashSetNode<NNetC*>, NNetC*, UEValue<NNetC*, UHashSetNode<NNetC*> > >*)+0x2c6) [0x7fe1a72c1de6]
/media/zou/case/vivado2023/Vivado/2023.2/lib/lnx64.o/librdi_synth.so(ConstProp::evaluate(NInst, int, bool, UHashSet<NNetC*, NNetC*, UEKey<NNetC*>, UHashSetNode<NNetC*>, NNetC*, UEValue<NNetC*, UHashSetNode<NNetC*> > >*)+0x445) [0x7fe1a72c6f55]
/media/zou/case/vivado2023/Vivado/2023.2/lib/lnx64.o/librdi_synth.so(ConstProp::getEquivalentNet(NNet, bool, UHashSet<NNetC*, NNetC*, UEKey<NNetC*>, UHashSetNode<NNetC*>, NNetC*, UEValue<NNetC*, UHashSetNode<NNetC*> > >*)+0x20e) [0x7fe1a72badce]
/media/zou/case/vivado2023/Vivado/2023.2/lib/lnx64.o/librdi_synth.so(ConstProp::traverseInputs(NInst, bool, UHashSet<NNetC*, NNetC*, UEKey<NNetC*>, UHashSetNode<NNetC*>, NNetC*, UEValue<NNetC*, UHashSetNode<NNetC*> > >*, bool)+0x1a4) [0x7fe1a72bd014]
/media/zou/case/vivado2023/Vivado/2023.2/lib/lnx64.o/librdi_synth.so(ConstProp::evaluateGenome(NInst, int, bool, UHashSet<NNetC*, NNetC*, UEKey<NNetC*>, UHashSetNode<NNetC*>, NNetC*, UEValue<NNetC*, UHashSetNode<NNetC*> > >*)+0x236) [0x7fe1a72c0c86]
/media/zou/case/vivado2023/Vivado/2023.2/lib/lnx64.o/librdi_synth.so(ConstProp::evaluate(NInst, int, bool, UHashSet<NNetC*, NNetC*, UEKey<NNetC*>, UHashSetNode<NNetC*>, NNetC*, UEValue<NNetC*, UHashSetNode<NNetC*> > >*)+0x198) [0x7fe1a72c6ca8]
/media/zou/case/vivado2023/Vivado/2023.2/lib/lnx64.o/librdi_synth.so(ConstProp::getEquivalentNet(NNet, bool, UHashSet<NNetC*, NNetC*, UEKey<NNetC*>, UHashSetNode<NNetC*>, NNetC*, UEValue<NNetC*, UHashSetNode<NNetC*> > >*)+0x20e) [0x7fe1a72badce]
/media/zou/case/vivado2023/Vivado/2023.2/lib/lnx64.o/librdi_synth.so(ConstProp::propagate(bool, bool, bool, bool, bool, bool, bool, bool, bool, int)+0xc34) [0x7fe1a72c8674]
/media/zou/case/vivado2023/Vivado/2023.2/lib/lnx64.o/librdi_synth.so(Optimize::constProp(ConstProp&, int)+0x75) [0x7fe1a77cef05]
/media/zou/case/vivado2023/Vivado/2023.2/lib/lnx64.o/librdi_synth.so(Optimize1::optimize(OptActions, NEqPinArray)+0x10ec) [0x7fe1a77d4d7c]
/media/zou/case/vivado2023/Vivado/2023.2/lib/lnx64.o/librdi_synth.so(Optimize1::Optimize1(NDes, bool, bool, bool, bool, OptActions, NEqPinArray)+0xc1) [0x7fe1a77d5a01]
/media/zou/case/vivado2023/Vivado/2023.2/lib/lnx64.o/librdi_synth.so(Optimize2::areaOpt(bool, bool, bool, bool)+0x3f) [0x7fe1a77d9edf]
/media/zou/case/vivado2023/Vivado/2023.2/lib/lnx64.o/librdi_synth.so(Optimize2::Optimize2(NDes, bool, bool, bool, bool, bool, float, TTime, bool, bool)+0xaac) [0x7fe1a77fd16c]
/media/zou/case/vivado2023/Vivado/2023.2/lib/lnx64.o/librdi_synth.so(NDes::optimize(bool, bool, bool, bool, bool, float, TTime, bool, bool)+0x15a) [0x7fe1a77ce30a]
/media/zou/case/vivado2023/Vivado/2023.2/lib/lnx64.o/librdi_synth.so(+0x1417606) [0x7fe1a6817606]
/media/zou/case/vivado2023/Vivado/2023.2/lib/lnx64.o/librdi_synth.so(+0x1321b35) [0x7fe1a6721b35]
/media/zou/case/vivado2023/Vivado/2023.2/lib/lnx64.o/libtcl8.5.so(+0x3356f) [0x7fe1d7c3356f]
/media/zou/case/vivado2023/Vivado/2023.2/lib/lnx64.o/libtcl8.5.so(+0x76945) [0x7fe1d7c76945]
/media/zou/case/vivado2023/Vivado/2023.2/lib/lnx64.o/libtcl8.5.so(TclObjInterpProcCore+0x420) [0x7fe1d7cb7ed0]
/media/zou/case/vivado2023/Vivado/2023.2/lib/lnx64.o/libtcl8.5.so(+0x3356f) [0x7fe1d7c3356f]
/media/zou/case/vivado2023/Vivado/2023.2/lib/lnx64.o/libtcl8.5.so(+0x34bf8) [0x7fe1d7c34bf8]
/media/zou/case/vivado2023/Vivado/2023.2/lib/lnx64.o/libtcl8.5.so(Tcl_EvalEx+0x13) [0x7fe1d7c35163]
/media/zou/case/vivado2023/Vivado/2023.2/lib/lnx64.o/libtcl8.5.so(TclEvalObjEx+0x1e0) [0x7fe1d7c35380]
/media/zou/case/vivado2023/Vivado/2023.2/lib/lnx64.o/libtcl8.5.so(+0x3b445) [0x7fe1d7c3b445]
/media/zou/case/vivado2023/Vivado/2023.2/lib/lnx64.o/libtcl8.5.so(+0x3356f) [0x7fe1d7c3356f]
/media/zou/case/vivado2023/Vivado/2023.2/lib/lnx64.o/libtcl8.5.so(+0x76945) [0x7fe1d7c76945]
/media/zou/case/vivado2023/Vivado/2023.2/lib/lnx64.o/libtcl8.5.so(+0x7e0f9) [0x7fe1d7c7e0f9]
/media/zou/case/vivado2023/Vivado/2023.2/lib/lnx64.o/libtcl8.5.so(TclEvalObjEx+0x76) [0x7fe1d7c35216]
/media/zou/case/vivado2023/Vivado/2023.2/lib/lnx64.o/librdi_commontasks.so(+0x261fb1) [0x7fe1d0461fb1]
/media/zou/case/vivado2023/Vivado/2023.2/lib/lnx64.o/libtcl8.5.so(+0x3356f) [0x7fe1d7c3356f]
/media/zou/case/vivado2023/Vivado/2023.2/lib/lnx64.o/libtcl8.5.so(+0x76945) [0x7fe1d7c76945]
/media/zou/case/vivado2023/Vivado/2023.2/lib/lnx64.o/libtcl8.5.so(TclObjInterpProcCore+0x420) [0x7fe1d7cb7ed0]
/media/zou/case/vivado2023/Vivado/2023.2/lib/lnx64.o/libtcl8.5.so(+0x3356f) [0x7fe1d7c3356f]
/media/zou/case/vivado2023/Vivado/2023.2/lib/lnx64.o/libtcl8.5.so(+0x76945) [0x7fe1d7c76945]
/media/zou/case/vivado2023/Vivado/2023.2/lib/lnx64.o/libtcl8.5.so(TclObjInterpProcCore+0x420) [0x7fe1d7cb7ed0]
/media/zou/case/vivado2023/Vivado/2023.2/lib/lnx64.o/libtcl8.5.so(+0x3356f) [0x7fe1d7c3356f]
/media/zou/case/vivado2023/Vivado/2023.2/lib/lnx64.o/libtcl8.5.so(+0x76945) [0x7fe1d7c76945]
/media/zou/case/vivado2023/Vivado/2023.2/lib/lnx64.o/libtcl8.5.so(TclObjInterpProcCore+0x420) [0x7fe1d7cb7ed0]
/media/zou/case/vivado2023/Vivado/2023.2/lib/lnx64.o/libtcl8.5.so(+0x3356f) [0x7fe1d7c3356f]
/media/zou/case/vivado2023/Vivado/2023.2/lib/lnx64.o/libtcl8.5.so(+0x76945) [0x7fe1d7c76945]
/media/zou/case/vivado2023/Vivado/2023.2/lib/lnx64.o/libtcl8.5.so(+0x7e0f9) [0x7fe1d7c7e0f9]
/media/zou/case/vivado2023/Vivado/2023.2/lib/lnx64.o/libtcl8.5.so(TclEvalObjEx+0x76) [0x7fe1d7c35216]
/media/zou/case/vivado2023/Vivado/2023.2/lib/lnx64.o/librdi_common.so(hdi::tcltasks::task_manager::eval_in_tcl(Tcl_Interp*, Tcl_Obj*, char const*, bool)+0x74d) [0x7fe1dd97be1d]
/media/zou/case/vivado2023/Vivado/2023.2/lib/lnx64.o/librdi_common.so(hdi::tcltasks::task_manager::eval_in_tcl(Tcl_Interp*, char const*, char const*, bool)+0xda) [0x7fe1dd97c3ca]
/media/zou/case/vivado2023/Vivado/2023.2/lib/lnx64.o/librdi_synth.so(HARTNDb::processGenomesSequentially(bool, char const*, char const*)+0xbce) [0x7fe1a66a8e8e]
/media/zou/case/vivado2023/Vivado/2023.2/lib/lnx64.o/librdi_synth.so(+0x13c1aa8) [0x7fe1a67c1aa8]
/media/zou/case/vivado2023/Vivado/2023.2/lib/lnx64.o/librdi_synth.so(+0x1321b35) [0x7fe1a6721b35]
/media/zou/case/vivado2023/Vivado/2023.2/lib/lnx64.o/libtcl8.5.so(+0x3356f) [0x7fe1d7c3356f]
/media/zou/case/vivado2023/Vivado/2023.2/lib/lnx64.o/libtcl8.5.so(+0x34bf8) [0x7fe1d7c34bf8]
/media/zou/case/vivado2023/Vivado/2023.2/lib/lnx64.o/libtcl8.5.so(Tcl_EvalEx+0x13) [0x7fe1d7c35163]
/media/zou/case/vivado2023/Vivado/2023.2/lib/lnx64.o/libtcl8.5.so(TclEvalObjEx+0x1e0) [0x7fe1d7c35380]
/media/zou/case/vivado2023/Vivado/2023.2/lib/lnx64.o/libtcl8.5.so(+0x3b445) [0x7fe1d7c3b445]
/media/zou/case/vivado2023/Vivado/2023.2/lib/lnx64.o/libtcl8.5.so(+0x3356f) [0x7fe1d7c3356f]
/media/zou/case/vivado2023/Vivado/2023.2/lib/lnx64.o/libtcl8.5.so(+0x76945) [0x7fe1d7c76945]
/media/zou/case/vivado2023/Vivado/2023.2/lib/lnx64.o/libtcl8.5.so(+0x7e0f9) [0x7fe1d7c7e0f9]
/media/zou/case/vivado2023/Vivado/2023.2/lib/lnx64.o/libtcl8.5.so(TclEvalObjEx+0x76) [0x7fe1d7c35216]
/media/zou/case/vivado2023/Vivado/2023.2/lib/lnx64.o/librdi_commontasks.so(+0x261fb1) [0x7fe1d0461fb1]
/media/zou/case/vivado2023/Vivado/2023.2/lib/lnx64.o/libtcl8.5.so(+0x3356f) [0x7fe1d7c3356f]
/media/zou/case/vivado2023/Vivado/2023.2/lib/lnx64.o/libtcl8.5.so(+0x76945) [0x7fe1d7c76945]
/media/zou/case/vivado2023/Vivado/2023.2/lib/lnx64.o/libtcl8.5.so(TclObjInterpProcCore+0x420) [0x7fe1d7cb7ed0]
/media/zou/case/vivado2023/Vivado/2023.2/lib/lnx64.o/libtcl8.5.so(+0x3356f) [0x7fe1d7c3356f]
/media/zou/case/vivado2023/Vivado/2023.2/lib/lnx64.o/libtcl8.5.so(+0x76945) [0x7fe1d7c76945]
/media/zou/case/vivado2023/Vivado/2023.2/lib/lnx64.o/libtcl8.5.so(TclObjInterpProcCore+0x420) [0x7fe1d7cb7ed0]
/media/zou/case/vivado2023/Vivado/2023.2/lib/lnx64.o/libtcl8.5.so(+0x3356f) [0x7fe1d7c3356f]
/media/zou/case/vivado2023/Vivado/2023.2/lib/lnx64.o/libtcl8.5.so(+0x76945) [0x7fe1d7c76945]
/media/zou/case/vivado2023/Vivado/2023.2/lib/lnx64.o/libtcl8.5.so(TclObjInterpProcCore+0x420) [0x7fe1d7cb7ed0]
/media/zou/case/vivado2023/Vivado/2023.2/lib/lnx64.o/libtcl8.5.so(+0x3356f) [0x7fe1d7c3356f]
/media/zou/case/vivado2023/Vivado/2023.2/lib/lnx64.o/libtcl8.5.so(+0x76945) [0x7fe1d7c76945]
/media/zou/case/vivado2023/Vivado/2023.2/lib/lnx64.o/libtcl8.5.so(+0x7e0f9) [0x7fe1d7c7e0f9]
/media/zou/case/vivado2023/Vivado/2023.2/lib/lnx64.o/libtcl8.5.so(TclEvalObjEx+0x76) [0x7fe1d7c35216]
/media/zou/case/vivado2023/Vivado/2023.2/lib/lnx64.o/librdi_commontasks.so(+0x261fb1) [0x7fe1d0461fb1]
/media/zou/case/vivado2023/Vivado/2023.2/lib/lnx64.o/libtcl8.5.so(+0x3356f) [0x7fe1d7c3356f]
/media/zou/case/vivado2023/Vivado/2023.2/lib/lnx64.o/libtcl8.5.so(+0x76945) [0x7fe1d7c76945]
/media/zou/case/vivado2023/Vivado/2023.2/lib/lnx64.o/libtcl8.5.so(Tcl_ExprObj+0xf8) [0x7fe1d7c7dcd8]
/media/zou/case/vivado2023/Vivado/2023.2/lib/lnx64.o/libtcl8.5.so(Tcl_ExprBooleanObj+0x16) [0x7fe1d7c33f56]
/media/zou/case/vivado2023/Vivado/2023.2/lib/lnx64.o/libtcl8.5.so(+0x3e7ae) [0x7fe1d7c3e7ae]
/media/zou/case/vivado2023/Vivado/2023.2/lib/lnx64.o/libtcl8.5.so(+0x3356f) [0x7fe1d7c3356f]
/media/zou/case/vivado2023/Vivado/2023.2/lib/lnx64.o/libtcl8.5.so(+0x34bf8) [0x7fe1d7c34bf8]
/media/zou/case/vivado2023/Vivado/2023.2/lib/lnx64.o/libtcl8.5.so(Tcl_EvalEx+0x13) [0x7fe1d7c35163]
/media/zou/case/vivado2023/Vivado/2023.2/lib/lnx64.o/libtcl8.5.so(Tcl_FSEvalFileEx+0x1da) [0x7fe1d7c99d2a]
/media/zou/case/vivado2023/Vivado/2023.2/lib/lnx64.o/librdi_commontasks.so(+0x27e220) [0x7fe1d047e220]
/media/zou/case/vivado2023/Vivado/2023.2/lib/lnx64.o/librdi_common.so(+0xd7d9bf) [0x7fe1dd97d9bf]
/media/zou/case/vivado2023/Vivado/2023.2/lib/lnx64.o/libtcl8.5.so(+0x3356f) [0x7fe1d7c3356f]
/media/zou/case/vivado2023/Vivado/2023.2/lib/lnx64.o/libtcl8.5.so(+0x76945) [0x7fe1d7c76945]
/media/zou/case/vivado2023/Vivado/2023.2/lib/lnx64.o/libtcl8.5.so(+0x7e0f9) [0x7fe1d7c7e0f9]
/media/zou/case/vivado2023/Vivado/2023.2/lib/lnx64.o/libtcl8.5.so(TclEvalObjEx+0x76) [0x7fe1d7c35216]
/media/zou/case/vivado2023/Vivado/2023.2/lib/lnx64.o/libtcl8.5.so(+0xb7637) [0x7fe1d7cb7637]
/media/zou/case/vivado2023/Vivado/2023.2/lib/lnx64.o/libtcl8.5.so(+0x3356f) [0x7fe1d7c3356f]
/media/zou/case/vivado2023/Vivado/2023.2/lib/lnx64.o/libtcl8.5.so(+0x76945) [0x7fe1d7c76945]
/media/zou/case/vivado2023/Vivado/2023.2/lib/lnx64.o/libtcl8.5.so(+0x7e0f9) [0x7fe1d7c7e0f9]
/media/zou/case/vivado2023/Vivado/2023.2/lib/lnx64.o/libtcl8.5.so(TclEvalObjEx+0x76) [0x7fe1d7c35216]
/media/zou/case/vivado2023/Vivado/2023.2/lib/lnx64.o/librdi_commontasks.so(+0x261f0e) [0x7fe1d0461f0e]
/media/zou/case/vivado2023/Vivado/2023.2/lib/lnx64.o/libtcl8.5.so(+0x3356f) [0x7fe1d7c3356f]
/media/zou/case/vivado2023/Vivado/2023.2/lib/lnx64.o/libtcl8.5.so(+0x34bf8) [0x7fe1d7c34bf8]
/media/zou/case/vivado2023/Vivado/2023.2/lib/lnx64.o/libtcl8.5.so(+0xad566) [0x7fe1d7cad566]
/media/zou/case/vivado2023/Vivado/2023.2/lib/lnx64.o/libtcl8.5.so(+0x34785) [0x7fe1d7c34785]
/media/zou/case/vivado2023/Vivado/2023.2/lib/lnx64.o/libtcl8.5.so(Tcl_EvalEx+0x13) [0x7fe1d7c35163]
/media/zou/case/vivado2023/Vivado/2023.2/lib/lnx64.o/libtcl8.5.so(Tcl_FSEvalFileEx+0x1da) [0x7fe1d7c99d2a]
/media/zou/case/vivado2023/Vivado/2023.2/lib/lnx64.o/librdi_commontasks.so(+0x27e220) [0x7fe1d047e220]
/media/zou/case/vivado2023/Vivado/2023.2/lib/lnx64.o/librdi_common.so(+0xd7d9bf) [0x7fe1dd97d9bf]
/media/zou/case/vivado2023/Vivado/2023.2/lib/lnx64.o/libtcl8.5.so(+0x3356f) [0x7fe1d7c3356f]
/media/zou/case/vivado2023/Vivado/2023.2/lib/lnx64.o/libtcl8.5.so(Tcl_EvalObjv+0x32) [0x7fe1d7c336a2]
/media/zou/case/vivado2023/Vivado/2023.2/lib/lnx64.o/libtcl8.5.so(TclEvalObjEx+0x322) [0x7fe1d7c354c2]
/media/zou/case/vivado2023/Vivado/2023.2/lib/lnx64.o/librdi_common.so(hdi::tcltasks::task_manager::eval_in_tcl(Tcl_Interp*, Tcl_Obj*, char const*, bool)+0x74d) [0x7fe1dd97be1d]
/media/zou/case/vivado2023/Vivado/2023.2/lib/lnx64.o/librdi_designutils.so(HRTInvoker::inProcessLaunch(HDGUIStatus&)+0x310) [0x7fe1c6224380]
/media/zou/case/vivado2023/Vivado/2023.2/lib/lnx64.o/librdi_designutils.so(HRTInvoker::launch(HDGUIStatus&)+0x33) [0x7fe1c6224933]
/media/zou/case/vivado2023/Vivado/2023.2/lib/lnx64.o/librdi_vivadotasks.so(+0x70211c) [0x7fe19ff0211c]
/media/zou/case/vivado2023/Vivado/2023.2/lib/lnx64.o/librdi_vivadotasks.so(+0x70b832) [0x7fe19ff0b832]
/media/zou/case/vivado2023/Vivado/2023.2/lib/lnx64.o/librdi_common.so(+0xd7d9bf) [0x7fe1dd97d9bf]
/media/zou/case/vivado2023/Vivado/2023.2/lib/lnx64.o/libtcl8.5.so(+0x3356f) [0x7fe1d7c3356f]
/media/zou/case/vivado2023/Vivado/2023.2/lib/lnx64.o/libtcl8.5.so(+0x76945) [0x7fe1d7c76945]
/media/zou/case/vivado2023/Vivado/2023.2/lib/lnx64.o/libtcl8.5.so(+0x7e0f9) [0x7fe1d7c7e0f9]
/media/zou/case/vivado2023/Vivado/2023.2/lib/lnx64.o/libtcl8.5.so(TclEvalObjEx+0x76) [0x7fe1d7c35216]
/media/zou/case/vivado2023/Vivado/2023.2/lib/lnx64.o/libtcl8.5.so(Tcl_RecordAndEvalObj+0x143) [0x7fe1d7c83bd3]
/media/zou/case/vivado2023/Vivado/2023.2/lib/lnx64.o/librdi_commontasks.so(+0x2fc369) [0x7fe1d04fc369]
/media/zou/case/vivado2023/Vivado/2023.2/lib/lnx64.o/libtcl8.5.so(Tcl_Main+0x620) [0x7fe1d7ca0740]
/media/zou/case/vivado2023/Vivado/2023.2/lib/lnx64.o/librdi_common.so(+0xda6f7b) [0x7fe1dd9a6f7b]
/lib/x86_64-linux-gnu/libc.so.6(+0x94ac3) [0x7fe1dc094ac3]
/lib/x86_64-linux-gnu/libc.so.6(+0x126660) [0x7fe1dc126660]
