#-----------------------------------------------------------
# Vivado v2023.2 (64-bit)
# SW Build 4029153 on Fri Oct 13 20:13:54 MDT 2023
# IP Build 4028589 on Sat Oct 14 00:45:43 MDT 2023
# SharedData Build 4025554 on Tue Oct 10 17:18:54 MDT 2023
# Start of session at: Tue Jan  2 00:47:20 2024
# Process ID: 825411
# Current directory: /home/zou/vivado_test_0102/case/vivado
# Command line: vivado -mode tcl
# Log file: /home/zou/vivado_test_0102/case/vivado/vivado.log
# Journal file: /home/zou/vivado_test_0102/case/vivado/vivado.jou
# Running On: zou-IdeaCentre-GeekPro-17IAB, OS: Linux, CPU Frequency: 3200.008 MHz, CPU Physical cores: 12, Host memory: 50280 MB
#-----------------------------------------------------------
read_verilog rtl.v 
read_verilog: Time (s): cpu = 00:00:06 ; elapsed = 00:00:06 . Memory (MB): peak = 1326.789 ; gain = 0.023 ; free physical = 4243 ; free virtual = 17740
/home/zou/vivado_test_0102/case/vivado/rtl.v
synth_design -top top
Command: synth_design -top top
Starting synth_design
Using part: xc7k70tfbv676-1
Attempting to get a license for feature 'Synthesis' and/or device 'xc7k70t'
INFO: [Common 17-349] Got license for feature 'Synthesis' and/or device 'xc7k70t'
INFO: [Synth 8-7079] Multithreading enabled for synth_design using a maximum of 4 processes.
INFO: [Synth 8-7078] Launching helper process for spawning children vivado processes
INFO: [Synth 8-7075] Helper process launched with PID 827465
---------------------------------------------------------------------------------
Starting Synthesize : Time (s): cpu = 00:00:07 ; elapsed = 00:00:07 . Memory (MB): peak = 1701.566 ; gain = 374.770 ; free physical = 2485 ; free virtual = 16014
---------------------------------------------------------------------------------
INFO: [Synth 8-6157] synthesizing module 'top' [/home/zou/vivado_test_0102/case/vivado/rtl.v:1]
WARNING: [Synth 8-5974] attribute "use_dsp48" has been deprecated, please use "use_dsp" instead 
WARNING: [Synth 8-6090] variable 'reg16' is written by both blocking and non-blocking assignments, entire logic could be removed [/home/zou/vivado_test_0102/case/vivado/rtl.v:128]
WARNING: [Synth 8-6090] variable 'reg16' is written by both blocking and non-blocking assignments, entire logic could be removed [/home/zou/vivado_test_0102/case/vivado/rtl.v:136]
WARNING: [Synth 8-6090] variable 'reg30' is written by both blocking and non-blocking assignments, entire logic could be removed [/home/zou/vivado_test_0102/case/vivado/rtl.v:171]
WARNING: [Synth 8-6090] variable 'reg30' is written by both blocking and non-blocking assignments, entire logic could be removed [/home/zou/vivado_test_0102/case/vivado/rtl.v:179]
WARNING: [Synth 8-6090] variable 'reg16' is written by both blocking and non-blocking assignments, entire logic could be removed [/home/zou/vivado_test_0102/case/vivado/rtl.v:128]
WARNING: [Synth 8-6090] variable 'reg16' is written by both blocking and non-blocking assignments, entire logic could be removed [/home/zou/vivado_test_0102/case/vivado/rtl.v:136]
WARNING: [Synth 8-6090] variable 'reg30' is written by both blocking and non-blocking assignments, entire logic could be removed [/home/zou/vivado_test_0102/case/vivado/rtl.v:171]
WARNING: [Synth 8-6090] variable 'reg30' is written by both blocking and non-blocking assignments, entire logic could be removed [/home/zou/vivado_test_0102/case/vivado/rtl.v:179]
WARNING: [Synth 8-6090] variable 'reg16' is written by both blocking and non-blocking assignments, entire logic could be removed [/home/zou/vivado_test_0102/case/vivado/rtl.v:128]
WARNING: [Synth 8-6090] variable 'reg16' is written by both blocking and non-blocking assignments, entire logic could be removed [/home/zou/vivado_test_0102/case/vivado/rtl.v:136]
WARNING: [Synth 8-6090] variable 'reg30' is written by both blocking and non-blocking assignments, entire logic could be removed [/home/zou/vivado_test_0102/case/vivado/rtl.v:171]
WARNING: [Synth 8-6090] variable 'reg30' is written by both blocking and non-blocking assignments, entire logic could be removed [/home/zou/vivado_test_0102/case/vivado/rtl.v:179]
INFO: [Synth 8-6157] synthesizing module 'module35' [/home/zou/vivado_test_0102/case/vivado/rtl.v:213]
WARNING: [Synth 8-5974] attribute "use_dsp48" has been deprecated, please use "use_dsp" instead 
INFO: [Synth 8-6157] synthesizing module 'module41' [/home/zou/vivado_test_0102/case/vivado/rtl.v:275]
WARNING: [Synth 8-5974] attribute "use_dsp48" has been deprecated, please use "use_dsp" instead 
INFO: [Synth 8-6157] synthesizing module 'module47' [/home/zou/vivado_test_0102/case/vivado/rtl.v:1994]
WARNING: [Synth 8-5974] attribute "use_dsp48" has been deprecated, please use "use_dsp" instead 
INFO: [Synth 8-6155] done synthesizing module 'module47' (0#1) [/home/zou/vivado_test_0102/case/vivado/rtl.v:1994]
WARNING: [Synth 8-689] width (19) of port connection 'wire51' does not match port width (16) of module 'module47' [/home/zou/vivado_test_0102/case/vivado/rtl.v:636]
WARNING: [Synth 8-689] width (19) of port connection 'y' does not match port width (1363) of module 'module47' [/home/zou/vivado_test_0102/case/vivado/rtl.v:636]
WARNING: [Synth 8-689] width (23) of port connection 'wire48' does not match port width (19) of module 'module47' [/home/zou/vivado_test_0102/case/vivado/rtl.v:636]
WARNING: [Synth 8-689] width (14) of port connection 'wire52' does not match port width (11) of module 'module47' [/home/zou/vivado_test_0102/case/vivado/rtl.v:636]
INFO: [Synth 8-6157] synthesizing module 'module193' [/home/zou/vivado_test_0102/case/vivado/rtl.v:1237]
WARNING: [Synth 8-5974] attribute "use_dsp48" has been deprecated, please use "use_dsp" instead 
INFO: [Synth 8-6157] synthesizing module 'module200' [/home/zou/vivado_test_0102/case/vivado/rtl.v:3340]
WARNING: [Synth 8-5974] attribute "use_dsp48" has been deprecated, please use "use_dsp" instead 
INFO: [Synth 8-6155] done synthesizing module 'module200' (0#1) [/home/zou/vivado_test_0102/case/vivado/rtl.v:3340]
WARNING: [Synth 8-689] width (7) of port connection 'y' does not match port width (485) of module 'module200' [/home/zou/vivado_test_0102/case/vivado/rtl.v:1501]
WARNING: [Synth 8-689] width (20) of port connection 'wire203' does not match port width (7) of module 'module200' [/home/zou/vivado_test_0102/case/vivado/rtl.v:1501]
WARNING: [Synth 8-689] width (12) of port connection 'wire201' does not match port width (9) of module 'module200' [/home/zou/vivado_test_0102/case/vivado/rtl.v:1501]
INFO: [Synth 8-6157] synthesizing module 'module313' [/home/zou/vivado_test_0102/case/vivado/rtl.v:3181]
WARNING: [Synth 8-5974] attribute "use_dsp48" has been deprecated, please use "use_dsp" instead 
INFO: [Synth 8-6155] done synthesizing module 'module313' (0#1) [/home/zou/vivado_test_0102/case/vivado/rtl.v:3181]
WARNING: [Synth 8-689] width (21) of port connection 'y' does not match port width (386) of module 'module313' [/home/zou/vivado_test_0102/case/vivado/rtl.v:1808]
WARNING: [Synth 8-689] width (19) of port connection 'wire317' does not match port width (10) of module 'module313' [/home/zou/vivado_test_0102/case/vivado/rtl.v:1808]
WARNING: [Synth 8-689] width (21) of port connection 'wire314' does not match port width (16) of module 'module313' [/home/zou/vivado_test_0102/case/vivado/rtl.v:1808]
INFO: [Synth 8-6157] synthesizing module 'module352' [/home/zou/vivado_test_0102/case/vivado/rtl.v:3008]
WARNING: [Synth 8-5974] attribute "use_dsp48" has been deprecated, please use "use_dsp" instead 
WARNING: [Synth 8-6090] variable 'reg373' is written by both blocking and non-blocking assignments, entire logic could be removed [/home/zou/vivado_test_0102/case/vivado/rtl.v:3149]
WARNING: [Synth 8-6090] variable 'reg373' is written by both blocking and non-blocking assignments, entire logic could be removed [/home/zou/vivado_test_0102/case/vivado/rtl.v:3154]
WARNING: [Synth 8-6090] variable 'reg373' is written by both blocking and non-blocking assignments, entire logic could be removed [/home/zou/vivado_test_0102/case/vivado/rtl.v:3149]
WARNING: [Synth 8-6090] variable 'reg373' is written by both blocking and non-blocking assignments, entire logic could be removed [/home/zou/vivado_test_0102/case/vivado/rtl.v:3154]
INFO: [Synth 8-6155] done synthesizing module 'module352' (0#1) [/home/zou/vivado_test_0102/case/vivado/rtl.v:3008]
WARNING: [Synth 8-689] width (18) of port connection 'y' does not match port width (376) of module 'module352' [/home/zou/vivado_test_0102/case/vivado/rtl.v:1810]
WARNING: [Synth 8-689] width (19) of port connection 'wire357' does not match port width (5) of module 'module352' [/home/zou/vivado_test_0102/case/vivado/rtl.v:1810]
WARNING: [Synth 8-689] width (15) of port connection 'wire355' does not match port width (4) of module 'module352' [/home/zou/vivado_test_0102/case/vivado/rtl.v:1810]
WARNING: [Synth 8-689] width (6) of port connection 'wire354' does not match port width (3) of module 'module352' [/home/zou/vivado_test_0102/case/vivado/rtl.v:1810]
WARNING: [Synth 8-6090] variable 'reg414' is written by both blocking and non-blocking assignments, entire logic could be removed [/home/zou/vivado_test_0102/case/vivado/rtl.v:1892]
WARNING: [Synth 8-6090] variable 'reg414' is written by both blocking and non-blocking assignments, entire logic could be removed [/home/zou/vivado_test_0102/case/vivado/rtl.v:1897]
WARNING: [Synth 8-6090] variable 'reg414' is written by both blocking and non-blocking assignments, entire logic could be removed [/home/zou/vivado_test_0102/case/vivado/rtl.v:1892]
WARNING: [Synth 8-6090] variable 'reg414' is written by both blocking and non-blocking assignments, entire logic could be removed [/home/zou/vivado_test_0102/case/vivado/rtl.v:1897]
WARNING: [Synth 8-6090] variable 'reg429' is written by both blocking and non-blocking assignments, entire logic could be removed [/home/zou/vivado_test_0102/case/vivado/rtl.v:1933]
WARNING: [Synth 8-6090] variable 'reg429' is written by both blocking and non-blocking assignments, entire logic could be removed [/home/zou/vivado_test_0102/case/vivado/rtl.v:1937]
WARNING: [Synth 8-6090] variable 'reg429' is written by both blocking and non-blocking assignments, entire logic could be removed [/home/zou/vivado_test_0102/case/vivado/rtl.v:1933]
WARNING: [Synth 8-6090] variable 'reg429' is written by both blocking and non-blocking assignments, entire logic could be removed [/home/zou/vivado_test_0102/case/vivado/rtl.v:1937]
WARNING: [Synth 8-6090] variable 'reg429' is written by both blocking and non-blocking assignments, entire logic could be removed [/home/zou/vivado_test_0102/case/vivado/rtl.v:1933]
WARNING: [Synth 8-6090] variable 'reg429' is written by both blocking and non-blocking assignments, entire logic could be removed [/home/zou/vivado_test_0102/case/vivado/rtl.v:1937]
INFO: [Synth 8-6157] synthesizing module 'module438' [/home/zou/vivado_test_0102/case/vivado/rtl.v:2652]
WARNING: [Synth 8-5974] attribute "use_dsp48" has been deprecated, please use "use_dsp" instead 
WARNING: [Synth 8-6090] variable 'reg456' is written by both blocking and non-blocking assignments, entire logic could be removed [/home/zou/vivado_test_0102/case/vivado/rtl.v:2844]
WARNING: [Synth 8-6090] variable 'reg457' is written by both blocking and non-blocking assignments, entire logic could be removed [/home/zou/vivado_test_0102/case/vivado/rtl.v:2848]
WARNING: [Synth 8-6090] variable 'reg456' is written by both blocking and non-blocking assignments, entire logic could be removed [/home/zou/vivado_test_0102/case/vivado/rtl.v:2858]
WARNING: [Synth 8-6090] variable 'reg457' is written by both blocking and non-blocking assignments, entire logic could be removed [/home/zou/vivado_test_0102/case/vivado/rtl.v:2862]
WARNING: [Synth 8-6090] variable 'reg456' is written by both blocking and non-blocking assignments, entire logic could be removed [/home/zou/vivado_test_0102/case/vivado/rtl.v:2844]
WARNING: [Synth 8-6090] variable 'reg457' is written by both blocking and non-blocking assignments, entire logic could be removed [/home/zou/vivado_test_0102/case/vivado/rtl.v:2848]
WARNING: [Synth 8-6090] variable 'reg456' is written by both blocking and non-blocking assignments, entire logic could be removed [/home/zou/vivado_test_0102/case/vivado/rtl.v:2858]
WARNING: [Synth 8-6090] variable 'reg457' is written by both blocking and non-blocking assignments, entire logic could be removed [/home/zou/vivado_test_0102/case/vivado/rtl.v:2862]
WARNING: [Synth 8-6090] variable 'reg507' is written by both blocking and non-blocking assignments, entire logic could be removed [/home/zou/vivado_test_0102/case/vivado/rtl.v:2973]
WARNING: [Synth 8-6090] variable 'reg507' is written by both blocking and non-blocking assignments, entire logic could be removed [/home/zou/vivado_test_0102/case/vivado/rtl.v:2985]
WARNING: [Synth 8-6090] variable 'reg507' is written by both blocking and non-blocking assignments, entire logic could be removed [/home/zou/vivado_test_0102/case/vivado/rtl.v:2973]
WARNING: [Synth 8-6090] variable 'reg507' is written by both blocking and non-blocking assignments, entire logic could be removed [/home/zou/vivado_test_0102/case/vivado/rtl.v:2985]
WARNING: [Synth 8-6090] variable 'reg507' is written by both blocking and non-blocking assignments, entire logic could be removed [/home/zou/vivado_test_0102/case/vivado/rtl.v:2973]
WARNING: [Synth 8-6090] variable 'reg507' is written by both blocking and non-blocking assignments, entire logic could be removed [/home/zou/vivado_test_0102/case/vivado/rtl.v:2985]
INFO: [Synth 8-6155] done synthesizing module 'module438' (0#1) [/home/zou/vivado_test_0102/case/vivado/rtl.v:2652]
WARNING: [Synth 8-689] width (9) of port connection 'y' does not match port width (915) of module 'module438' [/home/zou/vivado_test_0102/case/vivado/rtl.v:1965]
WARNING: [Synth 8-689] width (11) of port connection 'wire443' does not match port width (7) of module 'module438' [/home/zou/vivado_test_0102/case/vivado/rtl.v:1965]
WARNING: [Synth 8-689] width (13) of port connection 'wire441' does not match port width (10) of module 'module438' [/home/zou/vivado_test_0102/case/vivado/rtl.v:1965]
INFO: [Synth 8-6155] done synthesizing module 'module193' (0#1) [/home/zou/vivado_test_0102/case/vivado/rtl.v:1237]
WARNING: [Synth 8-689] width (23) of port connection 'y' does not match port width (1624) of module 'module193' [/home/zou/vivado_test_0102/case/vivado/rtl.v:736]
WARNING: [Synth 8-689] width (5) of port connection 'wire196' does not match port width (3) of module 'module193' [/home/zou/vivado_test_0102/case/vivado/rtl.v:736]
WARNING: [Synth 8-689] width (22) of port connection 'wire197' does not match port width (20) of module 'module193' [/home/zou/vivado_test_0102/case/vivado/rtl.v:736]
WARNING: [Synth 8-689] width (9) of port connection 'y' does not match port width (915) of module 'module438' [/home/zou/vivado_test_0102/case/vivado/rtl.v:923]
WARNING: [Synth 8-689] width (19) of port connection 'wire443' does not match port width (7) of module 'module438' [/home/zou/vivado_test_0102/case/vivado/rtl.v:923]
WARNING: [Synth 8-689] width (11) of port connection 'wire441' does not match port width (10) of module 'module438' [/home/zou/vivado_test_0102/case/vivado/rtl.v:923]
WARNING: [Synth 8-6090] variable 'reg609' is written by both blocking and non-blocking assignments, entire logic could be removed [/home/zou/vivado_test_0102/case/vivado/rtl.v:1043]
WARNING: [Synth 8-6090] variable 'reg609' is written by both blocking and non-blocking assignments, entire logic could be removed [/home/zou/vivado_test_0102/case/vivado/rtl.v:1047]
INFO: [Synth 8-6155] done synthesizing module 'module41' (0#1) [/home/zou/vivado_test_0102/case/vivado/rtl.v:275]
WARNING: [Synth 8-689] width (16) of port connection 'wire46' does not match port width (14) of module 'module41' [/home/zou/vivado_test_0102/case/vivado/rtl.v:256]
WARNING: [Synth 8-689] width (21) of port connection 'y' does not match port width (2346) of module 'module41' [/home/zou/vivado_test_0102/case/vivado/rtl.v:256]
WARNING: [Synth 8-689] width (21) of port connection 'wire42' does not match port width (19) of module 'module41' [/home/zou/vivado_test_0102/case/vivado/rtl.v:256]
WARNING: [Synth 8-689] width (12) of port connection 'y' does not match port width (386) of module 'module313' [/home/zou/vivado_test_0102/case/vivado/rtl.v:257]
WARNING: [Synth 8-689] width (19) of port connection 'wire317' does not match port width (10) of module 'module313' [/home/zou/vivado_test_0102/case/vivado/rtl.v:257]
WARNING: [Synth 8-689] width (23) of port connection 'wire316' does not match port width (13) of module 'module313' [/home/zou/vivado_test_0102/case/vivado/rtl.v:257]
WARNING: [Synth 8-689] width (21) of port connection 'wire197' does not match port width (20) of module 'module193' [/home/zou/vivado_test_0102/case/vivado/rtl.v:263]
WARNING: [Synth 8-689] width (23) of port connection 'wire196' does not match port width (3) of module 'module193' [/home/zou/vivado_test_0102/case/vivado/rtl.v:263]
WARNING: [Synth 8-689] width (8) of port connection 'y' does not match port width (1624) of module 'module193' [/home/zou/vivado_test_0102/case/vivado/rtl.v:263]
INFO: [Synth 8-6155] done synthesizing module 'module35' (0#1) [/home/zou/vivado_test_0102/case/vivado/rtl.v:213]
WARNING: [Synth 8-689] width (23) of port connection 'wire38' does not match port width (16) of module 'module35' [/home/zou/vivado_test_0102/case/vivado/rtl.v:189]
WARNING: [Synth 8-689] width (22) of port connection 'y' does not match port width (215) of module 'module35' [/home/zou/vivado_test_0102/case/vivado/rtl.v:189]
WARNING: [Synth 8-689] width (23) of port connection 'wire37' does not match port width (21) of module 'module35' [/home/zou/vivado_test_0102/case/vivado/rtl.v:189]
WARNING: [Synth 8-689] width (13) of port connection 'y' does not match port width (485) of module 'module200' [/home/zou/vivado_test_0102/case/vivado/rtl.v:202]
WARNING: [Synth 8-689] width (23) of port connection 'wire205' does not match port width (12) of module 'module200' [/home/zou/vivado_test_0102/case/vivado/rtl.v:202]
WARNING: [Synth 8-689] width (16) of port connection 'wire201' does not match port width (9) of module 'module200' [/home/zou/vivado_test_0102/case/vivado/rtl.v:202]
WARNING: [Synth 8-689] width (12) of port connection 'wire203' does not match port width (7) of module 'module200' [/home/zou/vivado_test_0102/case/vivado/rtl.v:202]
INFO: [Synth 8-6155] done synthesizing module 'top' (0#1) [/home/zou/vivado_test_0102/case/vivado/rtl.v:1]
WARNING: [Synth 8-6014] Unused sequential element reg147_reg was removed.  [/home/zou/vivado_test_0102/case/vivado/rtl.v:2117]
WARNING: [Synth 8-6014] Unused sequential element reg148_reg was removed.  [/home/zou/vivado_test_0102/case/vivado/rtl.v:2116]
WARNING: [Synth 8-6014] Unused sequential element reg150_reg was removed.  [/home/zou/vivado_test_0102/case/vivado/rtl.v:2114]
WARNING: [Synth 8-6014] Unused sequential element reg151_reg was removed.  [/home/zou/vivado_test_0102/case/vivado/rtl.v:2113]
WARNING: [Synth 8-6014] Unused sequential element reg348_reg was removed.  [/home/zou/vivado_test_0102/case/vivado/rtl.v:3219]
WARNING: [Synth 8-6014] Unused sequential element reg387_reg was removed.  [/home/zou/vivado_test_0102/case/vivado/rtl.v:3052]
WARNING: [Synth 8-6014] Unused sequential element reg388_reg was removed.  [/home/zou/vivado_test_0102/case/vivado/rtl.v:3051]
WARNING: [Synth 8-6014] Unused sequential element reg515_reg was removed.  [/home/zou/vivado_test_0102/case/vivado/rtl.v:2736]
WARNING: [Synth 8-6014] Unused sequential element reg516_reg was removed.  [/home/zou/vivado_test_0102/case/vivado/rtl.v:2735]
WARNING: [Synth 8-6014] Unused sequential element reg517_reg was removed.  [/home/zou/vivado_test_0102/case/vivado/rtl.v:2734]
WARNING: [Synth 8-6014] Unused sequential element reg467_reg was removed.  [/home/zou/vivado_test_0102/case/vivado/rtl.v:2784]
WARNING: [Synth 8-6014] Unused sequential element reg520_reg was removed.  [/home/zou/vivado_test_0102/case/vivado/rtl.v:1374]
WARNING: [Synth 8-6014] Unused sequential element reg521_reg was removed.  [/home/zou/vivado_test_0102/case/vivado/rtl.v:1373]
WARNING: [Synth 8-6014] Unused sequential element reg524_reg was removed.  [/home/zou/vivado_test_0102/case/vivado/rtl.v:1370]
WARNING: [Synth 8-6014] Unused sequential element reg653_reg was removed.  [/home/zou/vivado_test_0102/case/vivado/rtl.v:467]
WARNING: [Synth 8-6014] Unused sequential element reg654_reg was removed.  [/home/zou/vivado_test_0102/case/vivado/rtl.v:466]
WARNING: [Synth 8-6014] Unused sequential element reg655_reg was removed.  [/home/zou/vivado_test_0102/case/vivado/rtl.v:465]
WARNING: [Synth 8-6014] Unused sequential element reg656_reg was removed.  [/home/zou/vivado_test_0102/case/vivado/rtl.v:464]
WARNING: [Synth 8-6014] Unused sequential element reg657_reg was removed.  [/home/zou/vivado_test_0102/case/vivado/rtl.v:463]
WARNING: [Synth 8-6014] Unused sequential element reg650_reg was removed.  [/home/zou/vivado_test_0102/case/vivado/rtl.v:461]
WARNING: [Synth 8-3917] design top has port y[661] driven by constant 0
WARNING: [Synth 8-3917] design top has port y[660] driven by constant 0
WARNING: [Synth 8-3917] design top has port y[659] driven by constant 0
WARNING: [Synth 8-3917] design top has port y[658] driven by constant 0
WARNING: [Synth 8-3917] design top has port y[657] driven by constant 0
WARNING: [Synth 8-3917] design top has port y[656] driven by constant 0
WARNING: [Synth 8-3917] design top has port y[655] driven by constant 0
WARNING: [Synth 8-3917] design top has port y[654] driven by constant 0
WARNING: [Synth 8-3917] design top has port y[653] driven by constant 0
WARNING: [Synth 8-3917] design top has port y[652] driven by constant 0
WARNING: [Synth 8-3917] design top has port y[651] driven by constant 0
WARNING: [Synth 8-3917] design top has port y[650] driven by constant 0
WARNING: [Synth 8-3917] design top has port y[649] driven by constant 0
WARNING: [Synth 8-3917] design top has port y[648] driven by constant 0
WARNING: [Synth 8-3917] design top has port y[647] driven by constant 0
WARNING: [Synth 8-3917] design top has port y[646] driven by constant 0
WARNING: [Synth 8-3917] design top has port y[645] driven by constant 0
WARNING: [Synth 8-3917] design top has port y[644] driven by constant 0
WARNING: [Synth 8-3917] design top has port y[643] driven by constant 0
WARNING: [Synth 8-3917] design top has port y[642] driven by constant 0
WARNING: [Synth 8-3917] design top has port y[641] driven by constant 0
WARNING: [Synth 8-3917] design top has port y[640] driven by constant 0
WARNING: [Synth 8-3917] design top has port y[639] driven by constant 0
WARNING: [Synth 8-3917] design top has port y[638] driven by constant 0
WARNING: [Synth 8-3917] design top has port y[637] driven by constant 0
WARNING: [Synth 8-3917] design top has port y[636] driven by constant 1
WARNING: [Synth 8-3917] design top has port y[635] driven by constant 1
WARNING: [Synth 8-3917] design top has port y[634] driven by constant 0
WARNING: [Synth 8-3917] design top has port y[633] driven by constant 0
WARNING: [Synth 8-3917] design top has port y[632] driven by constant 1
WARNING: [Synth 8-3917] design top has port y[631] driven by constant 1
WARNING: [Synth 8-3917] design top has port y[630] driven by constant 0
WARNING: [Synth 8-3917] design top has port y[629] driven by constant 1
WARNING: [Synth 8-3917] design top has port y[628] driven by constant 0
WARNING: [Synth 8-3917] design top has port y[627] driven by constant 1
WARNING: [Synth 8-3917] design top has port y[626] driven by constant 1
WARNING: [Synth 8-3917] design top has port y[625] driven by constant 0
WARNING: [Synth 8-3917] design top has port y[624] driven by constant 0
WARNING: [Synth 8-3917] design top has port y[623] driven by constant 1
WARNING: [Synth 8-3917] design top has port y[622] driven by constant 0
WARNING: [Synth 8-3917] design top has port y[621] driven by constant 0
WARNING: [Synth 8-3917] design top has port y[620] driven by constant 0
WARNING: [Synth 8-3917] design top has port y[619] driven by constant 0
WARNING: [Synth 8-3917] design top has port y[618] driven by constant 0
WARNING: [Synth 8-3917] design top has port y[617] driven by constant 0
WARNING: [Synth 8-3917] design top has port y[616] driven by constant 1
WARNING: [Synth 8-3917] design top has port y[615] driven by constant 0
WARNING: [Synth 8-3917] design top has port y[614] driven by constant 0
WARNING: [Synth 8-3917] design top has port y[613] driven by constant 0
WARNING: [Synth 8-3917] design top has port y[612] driven by constant 0
WARNING: [Synth 8-3917] design top has port y[611] driven by constant 0
WARNING: [Synth 8-3917] design top has port y[610] driven by constant 0
WARNING: [Synth 8-3917] design top has port y[609] driven by constant 0
WARNING: [Synth 8-3917] design top has port y[608] driven by constant 0
WARNING: [Synth 8-3917] design top has port y[607] driven by constant 0
WARNING: [Synth 8-3917] design top has port y[606] driven by constant 0
WARNING: [Synth 8-3917] design top has port y[605] driven by constant 0
WARNING: [Synth 8-3917] design top has port y[604] driven by constant 0
WARNING: [Synth 8-3917] design top has port y[603] driven by constant 0
WARNING: [Synth 8-3917] design top has port y[602] driven by constant 0
WARNING: [Synth 8-3917] design top has port y[601] driven by constant 0
WARNING: [Synth 8-3917] design top has port y[600] driven by constant 0
WARNING: [Synth 8-3917] design top has port y[599] driven by constant 0
WARNING: [Synth 8-3917] design top has port y[598] driven by constant 0
WARNING: [Synth 8-3917] design top has port y[597] driven by constant 0
WARNING: [Synth 8-3917] design top has port y[596] driven by constant 0
WARNING: [Synth 8-3917] design top has port y[595] driven by constant 0
WARNING: [Synth 8-3917] design top has port y[594] driven by constant 0
WARNING: [Synth 8-3917] design top has port y[593] driven by constant 0
WARNING: [Synth 8-3917] design top has port y[592] driven by constant 0
WARNING: [Synth 8-3917] design top has port y[591] driven by constant 0
WARNING: [Synth 8-3917] design top has port y[590] driven by constant 0
WARNING: [Synth 8-3917] design top has port y[589] driven by constant 0
WARNING: [Synth 8-3917] design top has port y[588] driven by constant 0
WARNING: [Synth 8-3917] design top has port y[587] driven by constant 0
WARNING: [Synth 8-3917] design top has port y[586] driven by constant 0
WARNING: [Synth 8-3917] design top has port y[585] driven by constant 0
WARNING: [Synth 8-3917] design top has port y[584] driven by constant 0
WARNING: [Synth 8-3917] design top has port y[583] driven by constant 0
WARNING: [Synth 8-3917] design top has port y[582] driven by constant 0
WARNING: [Synth 8-3917] design top has port y[581] driven by constant 0
WARNING: [Synth 8-3917] design top has port y[580] driven by constant 0
WARNING: [Synth 8-3917] design top has port y[579] driven by constant 0
WARNING: [Synth 8-3917] design top has port y[578] driven by constant 0
WARNING: [Synth 8-3917] design top has port y[577] driven by constant 0
WARNING: [Synth 8-3917] design top has port y[576] driven by constant 0
WARNING: [Synth 8-3917] design top has port y[575] driven by constant 0
WARNING: [Synth 8-3917] design top has port y[574] driven by constant 0
WARNING: [Synth 8-3917] design top has port y[573] driven by constant 0
WARNING: [Synth 8-3917] design top has port y[572] driven by constant 0
WARNING: [Synth 8-3917] design top has port y[571] driven by constant 0
WARNING: [Synth 8-3917] design top has port y[570] driven by constant 0
WARNING: [Synth 8-3917] design top has port y[569] driven by constant 0
WARNING: [Synth 8-3917] design top has port y[568] driven by constant 0
WARNING: [Synth 8-3917] design top has port y[567] driven by constant 0
WARNING: [Synth 8-3917] design top has port y[566] driven by constant 0
WARNING: [Synth 8-3917] design top has port y[565] driven by constant 0
WARNING: [Synth 8-3917] design top has port y[564] driven by constant 0
WARNING: [Synth 8-3917] design top has port y[563] driven by constant 0
WARNING: [Synth 8-3917] design top has port y[562] driven by constant 0
INFO: [Common 17-14] Message 'Synth 8-3917' appears 100 times and further instances of the messages will be disabled. Use the Tcl command set_msg_config to change the current settings.
WARNING: [Synth 8-7129] Port wire203[6] in module module200 is either unconnected or has no load
WARNING: [Synth 8-7129] Port wire202[20] in module module200 is either unconnected or has no load
WARNING: [Synth 8-7129] Port wire202[19] in module module200 is either unconnected or has no load
WARNING: [Synth 8-7129] Port wire202[18] in module module200 is either unconnected or has no load
WARNING: [Synth 8-7129] Port wire202[17] in module module200 is either unconnected or has no load
WARNING: [Synth 8-7129] Port wire202[16] in module module200 is either unconnected or has no load
WARNING: [Synth 8-7129] Port wire202[15] in module module200 is either unconnected or has no load
WARNING: [Synth 8-7129] Port wire201[8] in module module200 is either unconnected or has no load
WARNING: [Synth 8-7129] Port wire201[7] in module module200 is either unconnected or has no load
WARNING: [Synth 8-7129] Port wire317[9] in module module313 is either unconnected or has no load
WARNING: [Synth 8-7129] Port wire317[8] in module module313 is either unconnected or has no load
WARNING: [Synth 8-7129] Port wire317[7] in module module313 is either unconnected or has no load
WARNING: [Synth 8-7129] Port wire317[6] in module module313 is either unconnected or has no load
WARNING: [Synth 8-7129] Port wire317[5] in module module313 is either unconnected or has no load
WARNING: [Synth 8-7129] Port wire317[4] in module module313 is either unconnected or has no load
WARNING: [Synth 8-7129] Port wire317[3] in module module313 is either unconnected or has no load
WARNING: [Synth 8-7129] Port wire317[2] in module module313 is either unconnected or has no load
WARNING: [Synth 8-7129] Port wire317[1] in module module313 is either unconnected or has no load
WARNING: [Synth 8-7129] Port wire317[0] in module module313 is either unconnected or has no load
WARNING: [Synth 8-7129] Port wire315[20] in module module313 is either unconnected or has no load
WARNING: [Synth 8-7129] Port wire315[19] in module module313 is either unconnected or has no load
WARNING: [Synth 8-7129] Port wire315[18] in module module313 is either unconnected or has no load
WARNING: [Synth 8-7129] Port wire315[17] in module module313 is either unconnected or has no load
WARNING: [Synth 8-7129] Port wire315[16] in module module313 is either unconnected or has no load
WARNING: [Synth 8-7129] Port wire315[15] in module module313 is either unconnected or has no load
WARNING: [Synth 8-7129] Port wire315[14] in module module313 is either unconnected or has no load
WARNING: [Synth 8-7129] Port wire315[13] in module module313 is either unconnected or has no load
WARNING: [Synth 8-7129] Port wire315[12] in module module313 is either unconnected or has no load
WARNING: [Synth 8-7129] Port wire315[11] in module module313 is either unconnected or has no load
WARNING: [Synth 8-7129] Port wire315[10] in module module313 is either unconnected or has no load
WARNING: [Synth 8-7129] Port wire315[9] in module module313 is either unconnected or has no load
WARNING: [Synth 8-7129] Port wire315[8] in module module313 is either unconnected or has no load
WARNING: [Synth 8-7129] Port wire315[7] in module module313 is either unconnected or has no load
WARNING: [Synth 8-7129] Port wire315[6] in module module313 is either unconnected or has no load
WARNING: [Synth 8-7129] Port wire315[5] in module module313 is either unconnected or has no load
WARNING: [Synth 8-7129] Port wire315[4] in module module313 is either unconnected or has no load
WARNING: [Synth 8-7129] Port wire315[3] in module module313 is either unconnected or has no load
WARNING: [Synth 8-7129] Port wire315[2] in module module313 is either unconnected or has no load
WARNING: [Synth 8-7129] Port wire315[1] in module module313 is either unconnected or has no load
WARNING: [Synth 8-7129] Port wire315[0] in module module313 is either unconnected or has no load
WARNING: [Synth 8-7129] Port wire49[23] in module module47 is either unconnected or has no load
WARNING: [Synth 8-7129] Port wire49[22] in module module47 is either unconnected or has no load
WARNING: [Synth 8-7129] Port wire49[21] in module module47 is either unconnected or has no load
WARNING: [Synth 8-7129] Port wire49[20] in module module47 is either unconnected or has no load
---------------------------------------------------------------------------------
Finished Synthesize : Time (s): cpu = 00:00:10 ; elapsed = 00:00:11 . Memory (MB): peak = 1803.535 ; gain = 476.738 ; free physical = 2216 ; free virtual = 15745
---------------------------------------------------------------------------------
---------------------------------------------------------------------------------
Finished Constraint Validation : Time (s): cpu = 00:00:11 ; elapsed = 00:00:11 . Memory (MB): peak = 1818.379 ; gain = 491.582 ; free physical = 2191 ; free virtual = 15720
---------------------------------------------------------------------------------
---------------------------------------------------------------------------------
Start Loading Part and Timing Information
---------------------------------------------------------------------------------
Loading part: xc7k70tfbv676-1
INFO: [Device 21-403] Loading part xc7k70tfbv676-1
---------------------------------------------------------------------------------
Finished Loading Part and Timing Information : Time (s): cpu = 00:00:11 ; elapsed = 00:00:11 . Memory (MB): peak = 1826.383 ; gain = 499.586 ; free physical = 2186 ; free virtual = 15715
---------------------------------------------------------------------------------
WARNING: [Synth 8-3936] Found unconnected internal register 'reg651_reg' and it is trimmed from '21' to '12' bits. [/home/zou/vivado_test_0102/case/vivado/rtl.v:469]
WARNING: [Synth 8-327] inferring latch for variable 'forvar61' [/home/zou/vivado_test_0102/case/vivado/rtl.v:2211]
WARNING: [Synth 8-327] inferring latch for variable 'forvar54' [/home/zou/vivado_test_0102/case/vivado/rtl.v:2207]
WARNING: [Synth 8-327] inferring latch for variable 'forvar97' [/home/zou/vivado_test_0102/case/vivado/rtl.v:2172]
WARNING: [Synth 8-327] inferring latch for variable 'forvar113' [/home/zou/vivado_test_0102/case/vivado/rtl.v:2155]
WARNING: [Synth 8-327] inferring latch for variable 'forvar119' [/home/zou/vivado_test_0102/case/vivado/rtl.v:2149]
WARNING: [Synth 8-327] inferring latch for variable 'forvar122' [/home/zou/vivado_test_0102/case/vivado/rtl.v:2146]
WARNING: [Synth 8-327] inferring latch for variable 'forvar115' [/home/zou/vivado_test_0102/case/vivado/rtl.v:2139]
WARNING: [Synth 8-327] inferring latch for variable 'forvar362' [/home/zou/vivado_test_0102/case/vivado/rtl.v:3075]
WARNING: [Synth 8-327] inferring latch for variable 'forvar253' [/home/zou/vivado_test_0102/case/vivado/rtl.v:1443]
WARNING: [Synth 8-327] inferring latch for variable 'forvar293' [/home/zou/vivado_test_0102/case/vivado/rtl.v:1399]
WARNING: [Synth 8-327] inferring latch for variable 'forvar307' [/home/zou/vivado_test_0102/case/vivado/rtl.v:1384]
WARNING: [Synth 8-327] inferring latch for variable 'forvar263' [/home/zou/vivado_test_0102/case/vivado/rtl.v:1432]
WARNING: [Synth 8-327] inferring latch for variable 'forvar290' [/home/zou/vivado_test_0102/case/vivado/rtl.v:1402]
WARNING: [Synth 8-327] inferring latch for variable 'forvar559' [/home/zou/vivado_test_0102/case/vivado/rtl.v:624]
WARNING: [Synth 8-327] inferring latch for variable 'forvar548' [/home/zou/vivado_test_0102/case/vivado/rtl.v:622]
WARNING: [Synth 8-327] inferring latch for variable 'forvar531' [/home/zou/vivado_test_0102/case/vivado/rtl.v:594]
---------------------------------------------------------------------------------
Finished RTL Optimization Phase 2 : Time (s): cpu = 00:00:17 ; elapsed = 00:00:15 . Memory (MB): peak = 1944.852 ; gain = 618.055 ; free physical = 1884 ; free virtual = 15415
---------------------------------------------------------------------------------
No constraint files found.
---------------------------------------------------------------------------------
Start RTL Component Statistics 
---------------------------------------------------------------------------------
Detailed RTL Component Info : 
+---Adders : 
	   2 Input   63 Bit       Adders := 2     
	   2 Input   39 Bit       Adders := 3     
	   2 Input   24 Bit       Adders := 6     
	   2 Input   21 Bit       Adders := 2     
	   2 Input   16 Bit       Adders := 2     
	   2 Input   14 Bit       Adders := 3     
	   3 Input   14 Bit       Adders := 3     
	   3 Input   13 Bit       Adders := 3     
	   2 Input   13 Bit       Adders := 1     
	   2 Input   11 Bit       Adders := 4     
	   3 Input   10 Bit       Adders := 1     
	   2 Input    7 Bit       Adders := 6     
	   2 Input    6 Bit       Adders := 1     
	   2 Input    5 Bit       Adders := 4     
	   3 Input    5 Bit       Adders := 1     
	   2 Input    4 Bit       Adders := 2     
	   3 Input    3 Bit       Adders := 2     
	   2 Input    3 Bit       Adders := 2     
	   2 Input    1 Bit       Adders := 2     
+---XORs : 
	   2 Input    168 Bit         XORs := 2     
	   2 Input    160 Bit         XORs := 2     
	   2 Input    152 Bit         XORs := 2     
	   3 Input     80 Bit         XORs := 1     
	   2 Input     32 Bit         XORs := 1     
	   2 Input     24 Bit         XORs := 10    
	   2 Input     22 Bit         XORs := 1     
	   2 Input     21 Bit         XORs := 6     
	   2 Input     20 Bit         XORs := 1     
	   2 Input     19 Bit         XORs := 7     
	   2 Input     18 Bit         XORs := 2     
	   2 Input     17 Bit         XORs := 2     
	   3 Input     16 Bit         XORs := 1     
	   2 Input     15 Bit         XORs := 7     
	   2 Input     13 Bit         XORs := 5     
	   2 Input     12 Bit         XORs := 3     
	   2 Input      9 Bit         XORs := 1     
	   2 Input      8 Bit         XORs := 7     
	   2 Input      7 Bit         XORs := 1     
	   2 Input      5 Bit         XORs := 1     
	   2 Input      4 Bit         XORs := 2     
	   2 Input      3 Bit         XORs := 4     
+---XORs : 
	              168 Bit    Wide XORs := 1     
	               64 Bit    Wide XORs := 2     
	               41 Bit    Wide XORs := 1     
	               38 Bit    Wide XORs := 1     
	               27 Bit    Wide XORs := 3     
	               26 Bit    Wide XORs := 3     
	               24 Bit    Wide XORs := 3     
	               23 Bit    Wide XORs := 2     
	               22 Bit    Wide XORs := 2     
	               21 Bit    Wide XORs := 12    
	               20 Bit    Wide XORs := 2     
	               19 Bit    Wide XORs := 7     
	               14 Bit    Wide XORs := 3     
	               12 Bit    Wide XORs := 4     
	               11 Bit    Wide XORs := 7     
	               10 Bit    Wide XORs := 2     
	                8 Bit    Wide XORs := 8     
	                7 Bit    Wide XORs := 6     
	                6 Bit    Wide XORs := 2     
	                5 Bit    Wide XORs := 3     
	                4 Bit    Wide XORs := 5     
	                3 Bit    Wide XORs := 9     
	                1 Bit    Wide XORs := 8     
+---Registers : 
	               24 Bit    Registers := 25    
	               23 Bit    Registers := 19    
	               22 Bit    Registers := 25    
	               21 Bit    Registers := 24    
	               20 Bit    Registers := 22    
	               19 Bit    Registers := 21    
	               18 Bit    Registers := 20    
	               17 Bit    Registers := 23    
	               16 Bit    Registers := 18    
	               15 Bit    Registers := 16    
	               14 Bit    Registers := 19    
	               13 Bit    Registers := 42    
	               12 Bit    Registers := 20    
	               11 Bit    Registers := 14    
	               10 Bit    Registers := 22    
	                9 Bit    Registers := 8     
	                8 Bit    Registers := 18    
	                7 Bit    Registers := 39    
	                6 Bit    Registers := 25    
	                5 Bit    Registers := 38    
	                4 Bit    Registers := 49    
	                3 Bit    Registers := 37    
	                2 Bit    Registers := 15    
	                1 Bit    Registers := 17    
+---Multipliers : 
	               1x38  Multipliers := 3     
	              16x23  Multipliers := 1     
	               1x15  Multipliers := 2     
	               1x14  Multipliers := 1     
	                9x9  Multipliers := 3     
	                7x7  Multipliers := 1     
+---Muxes : 
	   2 Input  175 Bit        Muxes := 6     
	   2 Input  160 Bit        Muxes := 3     
	   2 Input  159 Bit        Muxes := 6     
	   2 Input  158 Bit        Muxes := 1     
	   2 Input  151 Bit        Muxes := 1     
	   2 Input  134 Bit        Muxes := 1     
	   2 Input  127 Bit        Muxes := 1     
	   2 Input  104 Bit        Muxes := 6     
	   2 Input  103 Bit        Muxes := 3     
	   2 Input  102 Bit        Muxes := 1     
	   2 Input   95 Bit        Muxes := 2     
	   2 Input   94 Bit        Muxes := 3     
	   2 Input   87 Bit        Muxes := 5     
	   2 Input   80 Bit        Muxes := 1     
	   2 Input   71 Bit        Muxes := 2     
	   2 Input   63 Bit        Muxes := 2     
	   2 Input   60 Bit        Muxes := 1     
	   2 Input   55 Bit        Muxes := 1     
	   2 Input   40 Bit        Muxes := 2     
	   2 Input   33 Bit        Muxes := 2     
	   2 Input   31 Bit        Muxes := 1     
	   2 Input   24 Bit        Muxes := 13    
	   4 Input   24 Bit        Muxes := 1     
	   2 Input   23 Bit        Muxes := 13    
	   5 Input   23 Bit        Muxes := 1     
	   4 Input   23 Bit        Muxes := 1     
	   2 Input   22 Bit        Muxes := 24    
	   2 Input   21 Bit        Muxes := 20    
	   2 Input   20 Bit        Muxes := 22    
	   2 Input   19 Bit        Muxes := 25    
	   2 Input   18 Bit        Muxes := 18    
	   2 Input   17 Bit        Muxes := 21    
	   3 Input   17 Bit        Muxes := 2     
	   3 Input   16 Bit        Muxes := 2     
	   4 Input   16 Bit        Muxes := 2     
	   2 Input   16 Bit        Muxes := 10    
	   2 Input   15 Bit        Muxes := 6     
	   2 Input   14 Bit        Muxes := 21    
	   2 Input   13 Bit        Muxes := 24    
	   3 Input   13 Bit        Muxes := 2     
	   2 Input   12 Bit        Muxes := 21    
	   3 Input   12 Bit        Muxes := 5     
	   2 Input   11 Bit        Muxes := 21    
	   2 Input   10 Bit        Muxes := 13    
	   2 Input    9 Bit        Muxes := 14    
	   2 Input    8 Bit        Muxes := 36    
	   2 Input    7 Bit        Muxes := 43    
	   2 Input    6 Bit        Muxes := 23    
	   2 Input    5 Bit        Muxes := 13    
	   4 Input    5 Bit        Muxes := 2     
	   2 Input    4 Bit        Muxes := 36    
	   3 Input    4 Bit        Muxes := 1     
	   2 Input    3 Bit        Muxes := 21    
	   2 Input    2 Bit        Muxes := 7     
	   3 Input    2 Bit        Muxes := 2     
	   2 Input    1 Bit        Muxes := 29    
---------------------------------------------------------------------------------
Finished RTL Component Statistics 
---------------------------------------------------------------------------------
---------------------------------------------------------------------------------
Start Part Resource Summary
---------------------------------------------------------------------------------
Part Resources:
DSPs: 240 (col length:80)
BRAMs: 270 (col length: RAMB18 80 RAMB36 40)
---------------------------------------------------------------------------------
Finished Part Resource Summary
---------------------------------------------------------------------------------
No constraint files found.
---------------------------------------------------------------------------------
Start Cross Boundary and Area Optimization
---------------------------------------------------------------------------------
WARNING: [Synth 8-7080] Parallel synthesis criteria is not met
WARNING: [Synth 8-3332] Sequential element (forvar362) is unused and will be removed from module module352.
WARNING: [Synth 8-3332] Sequential element (forvar362__0) is unused and will be removed from module module352.
WARNING: [Synth 8-3332] Sequential element (forvar362__1) is unused and will be removed from module module352.
WARNING: [Synth 8-3332] Sequential element (forvar362__2) is unused and will be removed from module module352.
WARNING: [Synth 8-3332] Sequential element (forvar362__3) is unused and will be removed from module module352.
WARNING: [Synth 8-3332] Sequential element (forvar253) is unused and will be removed from module module193.
WARNING: [Synth 8-3332] Sequential element (forvar253__21) is unused and will be removed from module module193.
WARNING: [Synth 8-3332] Sequential element (forvar307) is unused and will be removed from module module193.
WARNING: [Synth 8-3332] Sequential element (forvar307__12) is unused and will be removed from module module193.
WARNING: [Synth 8-3332] Sequential element (forvar263) is unused and will be removed from module module193.
WARNING: [Synth 8-3332] Sequential element (forvar263__9) is unused and will be removed from module module193.
WARNING: [Synth 8-3332] Sequential element (forvar293__17) is unused and will be removed from module module193.
WARNING: [Synth 8-3332] Sequential element (forvar293) is unused and will be removed from module module193.
WARNING: [Synth 8-3332] Sequential element (forvar61) is unused and will be removed from module module47.
WARNING: [Synth 8-3332] Sequential element (forvar61__0) is unused and will be removed from module module47.
WARNING: [Synth 8-3332] Sequential element (forvar61__1) is unused and will be removed from module module47.
WARNING: [Synth 8-3332] Sequential element (forvar61__2) is unused and will be removed from module module47.
WARNING: [Synth 8-3332] Sequential element (forvar61__3) is unused and will be removed from module module47.
WARNING: [Synth 8-3332] Sequential element (forvar61__4) is unused and will be removed from module module47.
WARNING: [Synth 8-3332] Sequential element (forvar61__5) is unused and will be removed from module module47.
WARNING: [Synth 8-3332] Sequential element (forvar61__6) is unused and will be removed from module module47.
WARNING: [Synth 8-3332] Sequential element (forvar61__7) is unused and will be removed from module module47.
WARNING: [Synth 8-3332] Sequential element (forvar61__8) is unused and will be removed from module module47.
WARNING: [Synth 8-3332] Sequential element (forvar61__9) is unused and will be removed from module module47.
WARNING: [Synth 8-3332] Sequential element (forvar61__10) is unused and will be removed from module module47.
WARNING: [Synth 8-3332] Sequential element (forvar61__11) is unused and will be removed from module module47.
WARNING: [Synth 8-3332] Sequential element (forvar61__12) is unused and will be removed from module module47.
WARNING: [Synth 8-3332] Sequential element (forvar61__13) is unused and will be removed from module module47.
WARNING: [Synth 8-3332] Sequential element (forvar61__14) is unused and will be removed from module module47.
WARNING: [Synth 8-3332] Sequential element (forvar61__15) is unused and will be removed from module module47.
WARNING: [Synth 8-3332] Sequential element (forvar61__16) is unused and will be removed from module module47.
WARNING: [Synth 8-3332] Sequential element (forvar54) is unused and will be removed from module module47.
WARNING: [Synth 8-3332] Sequential element (forvar54__0) is unused and will be removed from module module47.
WARNING: [Synth 8-3332] Sequential element (forvar54__1) is unused and will be removed from module module47.
WARNING: [Synth 8-3332] Sequential element (forvar54__2) is unused and will be removed from module module47.
WARNING: [Synth 8-3332] Sequential element (forvar54__3) is unused and will be removed from module module47.
WARNING: [Synth 8-3332] Sequential element (forvar54__4) is unused and will be removed from module module47.
WARNING: [Synth 8-3332] Sequential element (forvar54__5) is unused and will be removed from module module47.
WARNING: [Synth 8-3332] Sequential element (forvar54__6) is unused and will be removed from module module47.
WARNING: [Synth 8-3332] Sequential element (forvar54__7) is unused and will be removed from module module47.
WARNING: [Synth 8-3332] Sequential element (forvar54__8) is unused and will be removed from module module47.
WARNING: [Synth 8-3332] Sequential element (forvar97) is unused and will be removed from module module47.
WARNING: [Synth 8-3332] Sequential element (forvar97__0) is unused and will be removed from module module47.
WARNING: [Synth 8-3332] Sequential element (forvar97__1) is unused and will be removed from module module47.
WARNING: [Synth 8-3332] Sequential element (forvar97__2) is unused and will be removed from module module47.
WARNING: [Synth 8-3332] Sequential element (forvar97__3) is unused and will be removed from module module47.
WARNING: [Synth 8-3332] Sequential element (forvar97__4) is unused and will be removed from module module47.
WARNING: [Synth 8-3332] Sequential element (forvar97__5) is unused and will be removed from module module47.
WARNING: [Synth 8-3332] Sequential element (forvar113) is unused and will be removed from module module47.
WARNING: [Synth 8-3332] Sequential element (forvar113__0) is unused and will be removed from module module47.
WARNING: [Synth 8-3332] Sequential element (forvar113__1) is unused and will be removed from module module47.
WARNING: [Synth 8-3332] Sequential element (forvar113__2) is unused and will be removed from module module47.
WARNING: [Synth 8-3332] Sequential element (forvar113__3) is unused and will be removed from module module47.
WARNING: [Synth 8-3332] Sequential element (forvar113__4) is unused and will be removed from module module47.
WARNING: [Synth 8-3332] Sequential element (forvar113__5) is unused and will be removed from module module47.
WARNING: [Synth 8-3332] Sequential element (forvar113__6) is unused and will be removed from module module47.
WARNING: [Synth 8-3332] Sequential element (forvar119) is unused and will be removed from module module47.
WARNING: [Synth 8-3332] Sequential element (forvar119__0) is unused and will be removed from module module47.
WARNING: [Synth 8-3332] Sequential element (forvar119__1) is unused and will be removed from module module47.
WARNING: [Synth 8-3332] Sequential element (forvar119__2) is unused and will be removed from module module47.
WARNING: [Synth 8-3332] Sequential element (forvar119__3) is unused and will be removed from module module47.
WARNING: [Synth 8-3332] Sequential element (forvar119__4) is unused and will be removed from module module47.
WARNING: [Synth 8-3332] Sequential element (forvar119__5) is unused and will be removed from module module47.
WARNING: [Synth 8-3332] Sequential element (forvar119__6) is unused and will be removed from module module47.
WARNING: [Synth 8-3332] Sequential element (forvar122) is unused and will be removed from module module47.
WARNING: [Synth 8-3332] Sequential element (forvar122__0) is unused and will be removed from module module47.
WARNING: [Synth 8-3332] Sequential element (forvar122__1) is unused and will be removed from module module47.
WARNING: [Synth 8-3332] Sequential element (forvar122__2) is unused and will be removed from module module47.
WARNING: [Synth 8-3332] Sequential element (forvar122__3) is unused and will be removed from module module47.
WARNING: [Synth 8-3332] Sequential element (forvar122__4) is unused and will be removed from module module47.
WARNING: [Synth 8-3332] Sequential element (forvar122__5) is unused and will be removed from module module47.
WARNING: [Synth 8-3332] Sequential element (forvar122__6) is unused and will be removed from module module47.
WARNING: [Synth 8-3332] Sequential element (forvar122__7) is unused and will be removed from module module47.
WARNING: [Synth 8-3332] Sequential element (forvar122__8) is unused and will be removed from module module47.
WARNING: [Synth 8-3332] Sequential element (forvar122__9) is unused and will be removed from module module47.
WARNING: [Synth 8-3332] Sequential element (forvar122__10) is unused and will be removed from module module47.
WARNING: [Synth 8-3332] Sequential element (forvar122__11) is unused and will be removed from module module47.
WARNING: [Synth 8-3332] Sequential element (forvar122__12) is unused and will be removed from module module47.
WARNING: [Synth 8-3332] Sequential element (forvar122__13) is unused and will be removed from module module47.
WARNING: [Synth 8-3332] Sequential element (forvar122__14) is unused and will be removed from module module47.
WARNING: [Synth 8-3332] Sequential element (forvar122__15) is unused and will be removed from module module47.
WARNING: [Synth 8-3332] Sequential element (forvar122__16) is unused and will be removed from module module47.
WARNING: [Synth 8-3332] Sequential element (forvar122__17) is unused and will be removed from module module47.
WARNING: [Synth 8-3332] Sequential element (forvar122__18) is unused and will be removed from module module47.
WARNING: [Synth 8-3332] Sequential element (forvar122__19) is unused and will be removed from module module47.
WARNING: [Synth 8-3332] Sequential element (forvar122__20) is unused and will be removed from module module47.
WARNING: [Synth 8-3332] Sequential element (forvar115) is unused and will be removed from module module47.
WARNING: [Synth 8-3332] Sequential element (forvar115__0) is unused and will be removed from module module47.
WARNING: [Synth 8-3332] Sequential element (forvar115__1) is unused and will be removed from module module47.
WARNING: [Synth 8-3332] Sequential element (forvar115__2) is unused and will be removed from module module47.
WARNING: [Synth 8-3332] Sequential element (forvar115__3) is unused and will be removed from module module47.
WARNING: [Synth 8-3332] Sequential element (forvar115__4) is unused and will be removed from module module47.
WARNING: [Synth 8-3332] Sequential element (forvar115__5) is unused and will be removed from module module47.
WARNING: [Synth 8-3332] Sequential element (forvar115__6) is unused and will be removed from module module47.
WARNING: [Synth 8-3332] Sequential element (forvar115__7) is unused and will be removed from module module47.
WARNING: [Synth 8-3332] Sequential element (forvar115__8) is unused and will be removed from module module47.
